{"/Users/feranmi/codebases/2025/yearnings/simple-ui/src/components/data-display/table/constants.ts": {"path":"/Users/feranmi/codebases/2025/yearnings/simple-ui/src/components/data-display/table/constants.ts","all":true,"statementMap":{"65":{"start":{"line":66,"column":0},"end":{"line":66,"column":35}},"66":{"start":{"line":67,"column":0},"end":{"line":67,"column":3}},"67":{"start":{"line":68,"column":0},"end":{"line":68,"column":12}},"68":{"start":{"line":69,"column":0},"end":{"line":69,"column":21}},"69":{"start":{"line":70,"column":0},"end":{"line":70,"column":34}},"70":{"start":{"line":71,"column":0},"end":{"line":71,"column":18}},"71":{"start":{"line":72,"column":0},"end":{"line":72,"column":21}},"72":{"start":{"line":73,"column":0},"end":{"line":73,"column":11}},"73":{"start":{"line":74,"column":0},"end":{"line":74,"column":98}},"74":{"start":{"line":75,"column":0},"end":{"line":75,"column":27}},"75":{"start":{"line":76,"column":0},"end":{"line":76,"column":38}},"76":{"start":{"line":77,"column":0},"end":{"line":77,"column":30}},"77":{"start":{"line":78,"column":0},"end":{"line":78,"column":18}},"78":{"start":{"line":79,"column":0},"end":{"line":79,"column":12}},"79":{"start":{"line":80,"column":0},"end":{"line":80,"column":29}},"80":{"start":{"line":81,"column":0},"end":{"line":81,"column":31}},"81":{"start":{"line":82,"column":0},"end":{"line":82,"column":21}},"82":{"start":{"line":83,"column":0},"end":{"line":83,"column":4}},"83":{"start":{"line":84,"column":0},"end":{"line":84,"column":3}},"84":{"start":{"line":85,"column":0},"end":{"line":85,"column":12}},"85":{"start":{"line":86,"column":0},"end":{"line":86,"column":23}},"86":{"start":{"line":87,"column":0},"end":{"line":87,"column":36}},"87":{"start":{"line":88,"column":0},"end":{"line":88,"column":17}},"88":{"start":{"line":89,"column":0},"end":{"line":89,"column":21}},"89":{"start":{"line":90,"column":0},"end":{"line":90,"column":11}},"90":{"start":{"line":91,"column":0},"end":{"line":91,"column":98}},"91":{"start":{"line":92,"column":0},"end":{"line":92,"column":27}},"92":{"start":{"line":93,"column":0},"end":{"line":93,"column":38}},"93":{"start":{"line":94,"column":0},"end":{"line":94,"column":28}},"94":{"start":{"line":95,"column":0},"end":{"line":95,"column":18}},"95":{"start":{"line":96,"column":0},"end":{"line":96,"column":12}},"96":{"start":{"line":97,"column":0},"end":{"line":97,"column":22}},"97":{"start":{"line":98,"column":0},"end":{"line":98,"column":31}},"98":{"start":{"line":99,"column":0},"end":{"line":99,"column":21}},"99":{"start":{"line":100,"column":0},"end":{"line":100,"column":4}},"100":{"start":{"line":101,"column":0},"end":{"line":101,"column":3}},"101":{"start":{"line":102,"column":0},"end":{"line":102,"column":12}},"102":{"start":{"line":103,"column":0},"end":{"line":103,"column":25}},"103":{"start":{"line":104,"column":0},"end":{"line":104,"column":38}},"104":{"start":{"line":105,"column":0},"end":{"line":105,"column":22}},"105":{"start":{"line":106,"column":0},"end":{"line":106,"column":23}},"106":{"start":{"line":107,"column":0},"end":{"line":107,"column":11}},"107":{"start":{"line":108,"column":0},"end":{"line":108,"column":98}},"108":{"start":{"line":109,"column":0},"end":{"line":109,"column":27}},"109":{"start":{"line":110,"column":0},"end":{"line":110,"column":38}},"110":{"start":{"line":111,"column":0},"end":{"line":111,"column":26}},"111":{"start":{"line":112,"column":0},"end":{"line":112,"column":18}},"112":{"start":{"line":113,"column":0},"end":{"line":113,"column":12}},"113":{"start":{"line":114,"column":0},"end":{"line":114,"column":30}},"114":{"start":{"line":115,"column":0},"end":{"line":115,"column":30}},"115":{"start":{"line":116,"column":0},"end":{"line":116,"column":22}},"116":{"start":{"line":117,"column":0},"end":{"line":117,"column":4}},"117":{"start":{"line":118,"column":0},"end":{"line":118,"column":3}},"118":{"start":{"line":119,"column":0},"end":{"line":119,"column":12}},"119":{"start":{"line":120,"column":0},"end":{"line":120,"column":25}},"120":{"start":{"line":121,"column":0},"end":{"line":121,"column":38}},"121":{"start":{"line":122,"column":0},"end":{"line":122,"column":17}},"122":{"start":{"line":123,"column":0},"end":{"line":123,"column":22}},"123":{"start":{"line":124,"column":0},"end":{"line":124,"column":27}},"124":{"start":{"line":125,"column":0},"end":{"line":125,"column":38}},"125":{"start":{"line":126,"column":0},"end":{"line":126,"column":25}},"126":{"start":{"line":127,"column":0},"end":{"line":127,"column":18}},"127":{"start":{"line":128,"column":0},"end":{"line":128,"column":12}},"128":{"start":{"line":129,"column":0},"end":{"line":129,"column":25}},"129":{"start":{"line":130,"column":0},"end":{"line":130,"column":29}},"130":{"start":{"line":131,"column":0},"end":{"line":131,"column":22}},"131":{"start":{"line":132,"column":0},"end":{"line":132,"column":4}},"132":{"start":{"line":133,"column":0},"end":{"line":133,"column":3}},"133":{"start":{"line":134,"column":0},"end":{"line":134,"column":12}},"134":{"start":{"line":135,"column":0},"end":{"line":135,"column":24}},"135":{"start":{"line":136,"column":0},"end":{"line":136,"column":37}},"136":{"start":{"line":137,"column":0},"end":{"line":137,"column":18}},"137":{"start":{"line":138,"column":0},"end":{"line":138,"column":21}},"138":{"start":{"line":139,"column":0},"end":{"line":139,"column":11}},"139":{"start":{"line":140,"column":0},"end":{"line":140,"column":98}},"140":{"start":{"line":141,"column":0},"end":{"line":141,"column":27}},"141":{"start":{"line":142,"column":0},"end":{"line":142,"column":38}},"142":{"start":{"line":143,"column":0},"end":{"line":143,"column":30}},"143":{"start":{"line":144,"column":0},"end":{"line":144,"column":19}},"144":{"start":{"line":145,"column":0},"end":{"line":145,"column":12}},"145":{"start":{"line":146,"column":0},"end":{"line":146,"column":23}},"146":{"start":{"line":147,"column":0},"end":{"line":147,"column":27}},"147":{"start":{"line":148,"column":0},"end":{"line":148,"column":21}},"148":{"start":{"line":149,"column":0},"end":{"line":149,"column":4}},"149":{"start":{"line":150,"column":0},"end":{"line":150,"column":3}},"150":{"start":{"line":151,"column":0},"end":{"line":151,"column":12}},"151":{"start":{"line":152,"column":0},"end":{"line":152,"column":24}},"152":{"start":{"line":153,"column":0},"end":{"line":153,"column":37}},"153":{"start":{"line":154,"column":0},"end":{"line":154,"column":17}},"154":{"start":{"line":155,"column":0},"end":{"line":155,"column":21}},"155":{"start":{"line":156,"column":0},"end":{"line":156,"column":11}},"156":{"start":{"line":157,"column":0},"end":{"line":157,"column":98}},"157":{"start":{"line":158,"column":0},"end":{"line":158,"column":27}},"158":{"start":{"line":159,"column":0},"end":{"line":159,"column":38}},"159":{"start":{"line":160,"column":0},"end":{"line":160,"column":24}},"160":{"start":{"line":161,"column":0},"end":{"line":161,"column":18}},"161":{"start":{"line":162,"column":0},"end":{"line":162,"column":12}},"162":{"start":{"line":163,"column":0},"end":{"line":163,"column":22}},"163":{"start":{"line":164,"column":0},"end":{"line":164,"column":31}},"164":{"start":{"line":165,"column":0},"end":{"line":165,"column":21}},"165":{"start":{"line":166,"column":0},"end":{"line":166,"column":4}},"166":{"start":{"line":167,"column":0},"end":{"line":167,"column":3}},"167":{"start":{"line":168,"column":0},"end":{"line":168,"column":12}},"168":{"start":{"line":169,"column":0},"end":{"line":169,"column":26}},"169":{"start":{"line":170,"column":0},"end":{"line":170,"column":39}},"170":{"start":{"line":171,"column":0},"end":{"line":171,"column":22}},"171":{"start":{"line":172,"column":0},"end":{"line":172,"column":21}},"172":{"start":{"line":173,"column":0},"end":{"line":173,"column":27}},"173":{"start":{"line":174,"column":0},"end":{"line":174,"column":38}},"174":{"start":{"line":175,"column":0},"end":{"line":175,"column":26}},"175":{"start":{"line":176,"column":0},"end":{"line":176,"column":18}},"176":{"start":{"line":177,"column":0},"end":{"line":177,"column":12}},"177":{"start":{"line":178,"column":0},"end":{"line":178,"column":21}},"178":{"start":{"line":179,"column":0},"end":{"line":179,"column":29}},"179":{"start":{"line":180,"column":0},"end":{"line":180,"column":21}},"180":{"start":{"line":181,"column":0},"end":{"line":181,"column":4}},"181":{"start":{"line":182,"column":0},"end":{"line":182,"column":3}},"182":{"start":{"line":183,"column":0},"end":{"line":183,"column":12}},"183":{"start":{"line":184,"column":0},"end":{"line":184,"column":26}},"184":{"start":{"line":185,"column":0},"end":{"line":185,"column":39}},"185":{"start":{"line":186,"column":0},"end":{"line":186,"column":17}},"186":{"start":{"line":187,"column":0},"end":{"line":187,"column":23}},"187":{"start":{"line":188,"column":0},"end":{"line":188,"column":11}},"188":{"start":{"line":189,"column":0},"end":{"line":189,"column":98}},"189":{"start":{"line":190,"column":0},"end":{"line":190,"column":27}},"190":{"start":{"line":191,"column":0},"end":{"line":191,"column":38}},"191":{"start":{"line":192,"column":0},"end":{"line":192,"column":21}},"192":{"start":{"line":193,"column":0},"end":{"line":193,"column":18}},"193":{"start":{"line":194,"column":0},"end":{"line":194,"column":12}},"194":{"start":{"line":195,"column":0},"end":{"line":195,"column":27}},"195":{"start":{"line":196,"column":0},"end":{"line":196,"column":29}},"196":{"start":{"line":197,"column":0},"end":{"line":197,"column":22}},"197":{"start":{"line":198,"column":0},"end":{"line":198,"column":4}},"198":{"start":{"line":199,"column":0},"end":{"line":199,"column":2}},"201":{"start":{"line":202,"column":0},"end":{"line":202,"column":49}},"202":{"start":{"line":203,"column":0},"end":{"line":203,"column":3}},"203":{"start":{"line":204,"column":0},"end":{"line":204,"column":15}},"204":{"start":{"line":205,"column":0},"end":{"line":205,"column":19}},"205":{"start":{"line":206,"column":0},"end":{"line":206,"column":20}},"206":{"start":{"line":207,"column":0},"end":{"line":207,"column":19}},"207":{"start":{"line":208,"column":0},"end":{"line":208,"column":24}},"208":{"start":{"line":209,"column":0},"end":{"line":209,"column":34}},"209":{"start":{"line":210,"column":0},"end":{"line":210,"column":33}},"210":{"start":{"line":211,"column":0},"end":{"line":211,"column":23}},"211":{"start":{"line":212,"column":0},"end":{"line":212,"column":29}},"212":{"start":{"line":213,"column":0},"end":{"line":213,"column":30}},"213":{"start":{"line":214,"column":0},"end":{"line":214,"column":4}},"214":{"start":{"line":215,"column":0},"end":{"line":215,"column":3}},"215":{"start":{"line":216,"column":0},"end":{"line":216,"column":15}},"216":{"start":{"line":217,"column":0},"end":{"line":217,"column":18}},"217":{"start":{"line":218,"column":0},"end":{"line":218,"column":20}},"218":{"start":{"line":219,"column":0},"end":{"line":219,"column":18}},"219":{"start":{"line":220,"column":0},"end":{"line":220,"column":24}},"220":{"start":{"line":221,"column":0},"end":{"line":221,"column":36}},"221":{"start":{"line":222,"column":0},"end":{"line":222,"column":33}},"222":{"start":{"line":223,"column":0},"end":{"line":223,"column":30}},"223":{"start":{"line":224,"column":0},"end":{"line":224,"column":26}},"224":{"start":{"line":225,"column":0},"end":{"line":225,"column":28}},"225":{"start":{"line":226,"column":0},"end":{"line":226,"column":4}},"226":{"start":{"line":227,"column":0},"end":{"line":227,"column":3}},"227":{"start":{"line":228,"column":0},"end":{"line":228,"column":15}},"228":{"start":{"line":229,"column":0},"end":{"line":229,"column":18}},"229":{"start":{"line":230,"column":0},"end":{"line":230,"column":20}},"230":{"start":{"line":231,"column":0},"end":{"line":231,"column":18}},"231":{"start":{"line":232,"column":0},"end":{"line":232,"column":22}},"232":{"start":{"line":233,"column":0},"end":{"line":233,"column":32}},"233":{"start":{"line":234,"column":0},"end":{"line":234,"column":33}},"234":{"start":{"line":235,"column":0},"end":{"line":235,"column":24}},"235":{"start":{"line":236,"column":0},"end":{"line":236,"column":40}},"236":{"start":{"line":237,"column":0},"end":{"line":237,"column":31}},"237":{"start":{"line":238,"column":0},"end":{"line":238,"column":4}},"238":{"start":{"line":239,"column":0},"end":{"line":239,"column":3}},"239":{"start":{"line":240,"column":0},"end":{"line":240,"column":15}},"240":{"start":{"line":241,"column":0},"end":{"line":241,"column":18}},"241":{"start":{"line":242,"column":0},"end":{"line":242,"column":20}},"242":{"start":{"line":243,"column":0},"end":{"line":243,"column":18}},"243":{"start":{"line":244,"column":0},"end":{"line":244,"column":21}},"244":{"start":{"line":245,"column":0},"end":{"line":245,"column":39}},"245":{"start":{"line":246,"column":0},"end":{"line":246,"column":33}},"246":{"start":{"line":247,"column":0},"end":{"line":247,"column":30}},"247":{"start":{"line":248,"column":0},"end":{"line":248,"column":33}},"248":{"start":{"line":249,"column":0},"end":{"line":249,"column":29}},"249":{"start":{"line":250,"column":0},"end":{"line":250,"column":4}},"250":{"start":{"line":251,"column":0},"end":{"line":251,"column":3}},"251":{"start":{"line":252,"column":0},"end":{"line":252,"column":15}},"252":{"start":{"line":253,"column":0},"end":{"line":253,"column":19}},"253":{"start":{"line":254,"column":0},"end":{"line":254,"column":20}},"254":{"start":{"line":255,"column":0},"end":{"line":255,"column":19}},"255":{"start":{"line":256,"column":0},"end":{"line":256,"column":24}},"256":{"start":{"line":257,"column":0},"end":{"line":257,"column":37}},"257":{"start":{"line":258,"column":0},"end":{"line":258,"column":33}},"258":{"start":{"line":259,"column":0},"end":{"line":259,"column":23}},"259":{"start":{"line":260,"column":0},"end":{"line":260,"column":28}},"260":{"start":{"line":261,"column":0},"end":{"line":261,"column":30}},"261":{"start":{"line":262,"column":0},"end":{"line":262,"column":4}},"262":{"start":{"line":263,"column":0},"end":{"line":263,"column":2}},"265":{"start":{"line":266,"column":0},"end":{"line":266,"column":41}},"266":{"start":{"line":267,"column":0},"end":{"line":267,"column":3}},"267":{"start":{"line":268,"column":0},"end":{"line":268,"column":17}},"268":{"start":{"line":269,"column":0},"end":{"line":269,"column":42}},"269":{"start":{"line":270,"column":0},"end":{"line":270,"column":28}},"270":{"start":{"line":271,"column":0},"end":{"line":271,"column":18}},"271":{"start":{"line":272,"column":0},"end":{"line":272,"column":14}},"272":{"start":{"line":273,"column":0},"end":{"line":273,"column":23}},"273":{"start":{"line":274,"column":0},"end":{"line":274,"column":16}},"274":{"start":{"line":275,"column":0},"end":{"line":275,"column":18}},"275":{"start":{"line":276,"column":0},"end":{"line":276,"column":10}},"276":{"start":{"line":277,"column":0},"end":{"line":277,"column":90}},"277":{"start":{"line":278,"column":0},"end":{"line":278,"column":71}},"278":{"start":{"line":279,"column":0},"end":{"line":279,"column":23}},"279":{"start":{"line":280,"column":0},"end":{"line":280,"column":21}},"280":{"start":{"line":281,"column":0},"end":{"line":281,"column":38}},"281":{"start":{"line":282,"column":0},"end":{"line":282,"column":4}},"282":{"start":{"line":283,"column":0},"end":{"line":283,"column":3}},"283":{"start":{"line":284,"column":0},"end":{"line":284,"column":17}},"284":{"start":{"line":285,"column":0},"end":{"line":285,"column":28}},"285":{"start":{"line":286,"column":0},"end":{"line":286,"column":28}},"286":{"start":{"line":287,"column":0},"end":{"line":287,"column":17}},"287":{"start":{"line":288,"column":0},"end":{"line":288,"column":13}},"288":{"start":{"line":289,"column":0},"end":{"line":289,"column":24}},"289":{"start":{"line":290,"column":0},"end":{"line":290,"column":16}},"290":{"start":{"line":291,"column":0},"end":{"line":291,"column":17}},"291":{"start":{"line":292,"column":0},"end":{"line":292,"column":10}},"292":{"start":{"line":293,"column":0},"end":{"line":293,"column":90}},"293":{"start":{"line":294,"column":0},"end":{"line":294,"column":64}},"294":{"start":{"line":295,"column":0},"end":{"line":295,"column":24}},"295":{"start":{"line":296,"column":0},"end":{"line":296,"column":21}},"296":{"start":{"line":297,"column":0},"end":{"line":297,"column":38}},"297":{"start":{"line":298,"column":0},"end":{"line":298,"column":4}},"298":{"start":{"line":299,"column":0},"end":{"line":299,"column":3}},"299":{"start":{"line":300,"column":0},"end":{"line":300,"column":17}},"300":{"start":{"line":301,"column":0},"end":{"line":301,"column":25}},"301":{"start":{"line":302,"column":0},"end":{"line":302,"column":23}},"302":{"start":{"line":303,"column":0},"end":{"line":303,"column":17}},"303":{"start":{"line":304,"column":0},"end":{"line":304,"column":13}},"304":{"start":{"line":305,"column":0},"end":{"line":305,"column":27}},"305":{"start":{"line":306,"column":0},"end":{"line":306,"column":16}},"306":{"start":{"line":307,"column":0},"end":{"line":307,"column":17}},"307":{"start":{"line":308,"column":0},"end":{"line":308,"column":10}},"308":{"start":{"line":309,"column":0},"end":{"line":309,"column":90}},"309":{"start":{"line":310,"column":0},"end":{"line":310,"column":52}},"310":{"start":{"line":311,"column":0},"end":{"line":311,"column":23}},"311":{"start":{"line":312,"column":0},"end":{"line":312,"column":21}},"312":{"start":{"line":313,"column":0},"end":{"line":313,"column":38}},"313":{"start":{"line":314,"column":0},"end":{"line":314,"column":4}},"314":{"start":{"line":315,"column":0},"end":{"line":315,"column":3}},"315":{"start":{"line":316,"column":0},"end":{"line":316,"column":17}},"316":{"start":{"line":317,"column":0},"end":{"line":317,"column":22}},"317":{"start":{"line":318,"column":0},"end":{"line":318,"column":28}},"318":{"start":{"line":319,"column":0},"end":{"line":319,"column":17}},"319":{"start":{"line":320,"column":0},"end":{"line":320,"column":15}},"320":{"start":{"line":321,"column":0},"end":{"line":321,"column":23}},"321":{"start":{"line":322,"column":0},"end":{"line":322,"column":16}},"322":{"start":{"line":323,"column":0},"end":{"line":323,"column":17}},"323":{"start":{"line":324,"column":0},"end":{"line":324,"column":10}},"324":{"start":{"line":325,"column":0},"end":{"line":325,"column":90}},"325":{"start":{"line":326,"column":0},"end":{"line":326,"column":56}},"326":{"start":{"line":327,"column":0},"end":{"line":327,"column":25}},"327":{"start":{"line":328,"column":0},"end":{"line":328,"column":22}},"328":{"start":{"line":329,"column":0},"end":{"line":329,"column":38}},"329":{"start":{"line":330,"column":0},"end":{"line":330,"column":4}},"330":{"start":{"line":331,"column":0},"end":{"line":331,"column":2}},"333":{"start":{"line":334,"column":0},"end":{"line":334,"column":37}},"334":{"start":{"line":335,"column":0},"end":{"line":335,"column":3}},"335":{"start":{"line":336,"column":0},"end":{"line":336,"column":16}},"336":{"start":{"line":337,"column":0},"end":{"line":337,"column":32}},"337":{"start":{"line":338,"column":0},"end":{"line":338,"column":15}},"338":{"start":{"line":339,"column":0},"end":{"line":339,"column":23}},"339":{"start":{"line":340,"column":0},"end":{"line":340,"column":36}},"340":{"start":{"line":341,"column":0},"end":{"line":341,"column":13}},"341":{"start":{"line":342,"column":0},"end":{"line":342,"column":100}},"342":{"start":{"line":343,"column":0},"end":{"line":343,"column":6}},"343":{"start":{"line":344,"column":0},"end":{"line":344,"column":13}},"344":{"start":{"line":345,"column":0},"end":{"line":345,"column":18}},"345":{"start":{"line":346,"column":0},"end":{"line":346,"column":24}},"346":{"start":{"line":347,"column":0},"end":{"line":347,"column":26}},"347":{"start":{"line":348,"column":0},"end":{"line":348,"column":38}},"348":{"start":{"line":349,"column":0},"end":{"line":349,"column":55}},"349":{"start":{"line":350,"column":0},"end":{"line":350,"column":35}},"350":{"start":{"line":351,"column":0},"end":{"line":351,"column":4}},"351":{"start":{"line":352,"column":0},"end":{"line":352,"column":3}},"352":{"start":{"line":353,"column":0},"end":{"line":353,"column":16}},"353":{"start":{"line":354,"column":0},"end":{"line":354,"column":32}},"354":{"start":{"line":355,"column":0},"end":{"line":355,"column":15}},"355":{"start":{"line":356,"column":0},"end":{"line":356,"column":25}},"356":{"start":{"line":357,"column":0},"end":{"line":357,"column":38}},"357":{"start":{"line":358,"column":0},"end":{"line":358,"column":13}},"358":{"start":{"line":359,"column":0},"end":{"line":359,"column":100}},"359":{"start":{"line":360,"column":0},"end":{"line":360,"column":6}},"360":{"start":{"line":361,"column":0},"end":{"line":361,"column":13}},"361":{"start":{"line":362,"column":0},"end":{"line":362,"column":18}},"362":{"start":{"line":363,"column":0},"end":{"line":363,"column":22}},"363":{"start":{"line":364,"column":0},"end":{"line":364,"column":26}},"364":{"start":{"line":365,"column":0},"end":{"line":365,"column":38}},"365":{"start":{"line":366,"column":0},"end":{"line":366,"column":56}},"366":{"start":{"line":367,"column":0},"end":{"line":367,"column":35}},"367":{"start":{"line":368,"column":0},"end":{"line":368,"column":4}},"368":{"start":{"line":369,"column":0},"end":{"line":369,"column":3}},"369":{"start":{"line":370,"column":0},"end":{"line":370,"column":16}},"370":{"start":{"line":371,"column":0},"end":{"line":371,"column":32}},"371":{"start":{"line":372,"column":0},"end":{"line":372,"column":15}},"372":{"start":{"line":373,"column":0},"end":{"line":373,"column":27}},"373":{"start":{"line":374,"column":0},"end":{"line":374,"column":40}},"374":{"start":{"line":375,"column":0},"end":{"line":375,"column":6}},"375":{"start":{"line":376,"column":0},"end":{"line":376,"column":13}},"376":{"start":{"line":377,"column":0},"end":{"line":377,"column":18}},"377":{"start":{"line":378,"column":0},"end":{"line":378,"column":25}},"378":{"start":{"line":379,"column":0},"end":{"line":379,"column":26}},"379":{"start":{"line":380,"column":0},"end":{"line":380,"column":38}},"380":{"start":{"line":381,"column":0},"end":{"line":381,"column":56}},"381":{"start":{"line":382,"column":0},"end":{"line":382,"column":4}},"382":{"start":{"line":383,"column":0},"end":{"line":383,"column":3}},"383":{"start":{"line":384,"column":0},"end":{"line":384,"column":16}},"384":{"start":{"line":385,"column":0},"end":{"line":385,"column":32}},"385":{"start":{"line":386,"column":0},"end":{"line":386,"column":15}},"386":{"start":{"line":387,"column":0},"end":{"line":387,"column":27}},"387":{"start":{"line":388,"column":0},"end":{"line":388,"column":40}},"388":{"start":{"line":389,"column":0},"end":{"line":389,"column":6}},"389":{"start":{"line":390,"column":0},"end":{"line":390,"column":13}},"390":{"start":{"line":391,"column":0},"end":{"line":391,"column":18}},"391":{"start":{"line":392,"column":0},"end":{"line":392,"column":22}},"392":{"start":{"line":393,"column":0},"end":{"line":393,"column":28}},"393":{"start":{"line":394,"column":0},"end":{"line":394,"column":38}},"394":{"start":{"line":395,"column":0},"end":{"line":395,"column":54}},"395":{"start":{"line":396,"column":0},"end":{"line":396,"column":4}},"396":{"start":{"line":397,"column":0},"end":{"line":397,"column":2}},"399":{"start":{"line":400,"column":0},"end":{"line":400,"column":61}},"400":{"start":{"line":401,"column":0},"end":{"line":401,"column":23}},"401":{"start":{"line":402,"column":0},"end":{"line":402,"column":18}},"402":{"start":{"line":403,"column":0},"end":{"line":403,"column":16}},"403":{"start":{"line":404,"column":0},"end":{"line":404,"column":12}},"404":{"start":{"line":405,"column":0},"end":{"line":405,"column":14}},"405":{"start":{"line":406,"column":0},"end":{"line":406,"column":13}},"406":{"start":{"line":407,"column":0},"end":{"line":407,"column":9}},"407":{"start":{"line":408,"column":0},"end":{"line":408,"column":14}},"408":{"start":{"line":409,"column":0},"end":{"line":409,"column":4}},"409":{"start":{"line":410,"column":0},"end":{"line":410,"column":21}},"410":{"start":{"line":411,"column":0},"end":{"line":411,"column":20}},"411":{"start":{"line":412,"column":0},"end":{"line":412,"column":13}},"412":{"start":{"line":413,"column":0},"end":{"line":413,"column":21}},"413":{"start":{"line":414,"column":0},"end":{"line":414,"column":14}},"414":{"start":{"line":415,"column":0},"end":{"line":415,"column":13}},"415":{"start":{"line":416,"column":0},"end":{"line":416,"column":16}},"416":{"start":{"line":417,"column":0},"end":{"line":417,"column":12}},"417":{"start":{"line":418,"column":0},"end":{"line":418,"column":4}},"418":{"start":{"line":419,"column":0},"end":{"line":419,"column":63}},"419":{"start":{"line":420,"column":0},"end":{"line":420,"column":71}},"421":{"start":{"line":422,"column":0},"end":{"line":422,"column":51}},"422":{"start":{"line":423,"column":0},"end":{"line":423,"column":44}},"423":{"start":{"line":424,"column":0},"end":{"line":424,"column":46}},"424":{"start":{"line":425,"column":0},"end":{"line":425,"column":58}},"425":{"start":{"line":426,"column":0},"end":{"line":426,"column":34}},"426":{"start":{"line":427,"column":0},"end":{"line":427,"column":42}},"427":{"start":{"line":428,"column":0},"end":{"line":428,"column":78}},"428":{"start":{"line":429,"column":0},"end":{"line":429,"column":20}},"429":{"start":{"line":430,"column":0},"end":{"line":430,"column":21}},"430":{"start":{"line":431,"column":0},"end":{"line":431,"column":24}},"431":{"start":{"line":432,"column":0},"end":{"line":432,"column":59}},"432":{"start":{"line":433,"column":0},"end":{"line":433,"column":20}},"433":{"start":{"line":434,"column":0},"end":{"line":434,"column":52}},"434":{"start":{"line":435,"column":0},"end":{"line":435,"column":55}},"435":{"start":{"line":436,"column":0},"end":{"line":436,"column":45}},"436":{"start":{"line":437,"column":0},"end":{"line":437,"column":45}},"437":{"start":{"line":438,"column":0},"end":{"line":438,"column":79}},"438":{"start":{"line":439,"column":0},"end":{"line":439,"column":45}},"439":{"start":{"line":440,"column":0},"end":{"line":440,"column":8}},"440":{"start":{"line":441,"column":0},"end":{"line":441,"column":36}},"441":{"start":{"line":442,"column":0},"end":{"line":442,"column":6}},"442":{"start":{"line":443,"column":0},"end":{"line":443,"column":2}},"444":{"start":{"line":445,"column":0},"end":{"line":445,"column":75}},"445":{"start":{"line":446,"column":0},"end":{"line":446,"column":59}},"446":{"start":{"line":447,"column":0},"end":{"line":447,"column":79}},"447":{"start":{"line":448,"column":0},"end":{"line":448,"column":22}},"448":{"start":{"line":449,"column":0},"end":{"line":449,"column":13}},"449":{"start":{"line":450,"column":0},"end":{"line":450,"column":20}},"450":{"start":{"line":451,"column":0},"end":{"line":451,"column":15}},"451":{"start":{"line":452,"column":0},"end":{"line":452,"column":20}},"452":{"start":{"line":453,"column":0},"end":{"line":453,"column":21}},"453":{"start":{"line":454,"column":0},"end":{"line":454,"column":16}},"454":{"start":{"line":455,"column":0},"end":{"line":455,"column":17}},"455":{"start":{"line":456,"column":0},"end":{"line":456,"column":4}},"457":{"start":{"line":458,"column":0},"end":{"line":458,"column":51}},"458":{"start":{"line":459,"column":0},"end":{"line":459,"column":49}},"459":{"start":{"line":460,"column":0},"end":{"line":460,"column":50}},"460":{"start":{"line":461,"column":0},"end":{"line":461,"column":20}},"461":{"start":{"line":462,"column":0},"end":{"line":462,"column":34}},"462":{"start":{"line":463,"column":0},"end":{"line":463,"column":42}},"463":{"start":{"line":464,"column":0},"end":{"line":464,"column":67}},"464":{"start":{"line":465,"column":0},"end":{"line":465,"column":19}},"465":{"start":{"line":466,"column":0},"end":{"line":466,"column":59}},"466":{"start":{"line":467,"column":0},"end":{"line":467,"column":20}},"467":{"start":{"line":468,"column":0},"end":{"line":468,"column":48}},"468":{"start":{"line":469,"column":0},"end":{"line":469,"column":34}},"469":{"start":{"line":470,"column":0},"end":{"line":470,"column":55}},"470":{"start":{"line":471,"column":0},"end":{"line":471,"column":6}},"471":{"start":{"line":472,"column":0},"end":{"line":472,"column":2}},"474":{"start":{"line":475,"column":0},"end":{"line":475,"column":79}},"475":{"start":{"line":476,"column":0},"end":{"line":476,"column":42}},"476":{"start":{"line":477,"column":0},"end":{"line":477,"column":23}},"477":{"start":{"line":478,"column":0},"end":{"line":478,"column":37}},"478":{"start":{"line":479,"column":0},"end":{"line":479,"column":2}}},"s":{"65":0,"66":0,"67":0,"68":0,"69":0,"70":0,"71":0,"72":0,"73":0,"74":0,"75":0,"76":0,"77":0,"78":0,"79":0,"80":0,"81":0,"82":0,"83":0,"84":0,"85":0,"86":0,"87":0,"88":0,"89":0,"90":0,"91":0,"92":0,"93":0,"94":0,"95":0,"96":0,"97":0,"98":0,"99":0,"100":0,"101":0,"102":0,"103":0,"104":0,"105":0,"106":0,"107":0,"108":0,"109":0,"110":0,"111":0,"112":0,"113":0,"114":0,"115":0,"116":0,"117":0,"118":0,"119":0,"120":0,"121":0,"122":0,"123":0,"124":0,"125":0,"126":0,"127":0,"128":0,"129":0,"130":0,"131":0,"132":0,"133":0,"134":0,"135":0,"136":0,"137":0,"138":0,"139":0,"140":0,"141":0,"142":0,"143":0,"144":0,"145":0,"146":0,"147":0,"148":0,"149":0,"150":0,"151":0,"152":0,"153":0,"154":0,"155":0,"156":0,"157":0,"158":0,"159":0,"160":0,"161":0,"162":0,"163":0,"164":0,"165":0,"166":0,"167":0,"168":0,"169":0,"170":0,"171":0,"172":0,"173":0,"174":0,"175":0,"176":0,"177":0,"178":0,"179":0,"180":0,"181":0,"182":0,"183":0,"184":0,"185":0,"186":0,"187":0,"188":0,"189":0,"190":0,"191":0,"192":0,"193":0,"194":0,"195":0,"196":0,"197":0,"198":0,"201":0,"202":0,"203":0,"204":0,"205":0,"206":0,"207":0,"208":0,"209":0,"210":0,"211":0,"212":0,"213":0,"214":0,"215":0,"216":0,"217":0,"218":0,"219":0,"220":0,"221":0,"222":0,"223":0,"224":0,"225":0,"226":0,"227":0,"228":0,"229":0,"230":0,"231":0,"232":0,"233":0,"234":0,"235":0,"236":0,"237":0,"238":0,"239":0,"240":0,"241":0,"242":0,"243":0,"244":0,"245":0,"246":0,"247":0,"248":0,"249":0,"250":0,"251":0,"252":0,"253":0,"254":0,"255":0,"256":0,"257":0,"258":0,"259":0,"260":0,"261":0,"262":0,"265":0,"266":0,"267":0,"268":0,"269":0,"270":0,"271":0,"272":0,"273":0,"274":0,"275":0,"276":0,"277":0,"278":0,"279":0,"280":0,"281":0,"282":0,"283":0,"284":0,"285":0,"286":0,"287":0,"288":0,"289":0,"290":0,"291":0,"292":0,"293":0,"294":0,"295":0,"296":0,"297":0,"298":0,"299":0,"300":0,"301":0,"302":0,"303":0,"304":0,"305":0,"306":0,"307":0,"308":0,"309":0,"310":0,"311":0,"312":0,"313":0,"314":0,"315":0,"316":0,"317":0,"318":0,"319":0,"320":0,"321":0,"322":0,"323":0,"324":0,"325":0,"326":0,"327":0,"328":0,"329":0,"330":0,"333":0,"334":0,"335":0,"336":0,"337":0,"338":0,"339":0,"340":0,"341":0,"342":0,"343":0,"344":0,"345":0,"346":0,"347":0,"348":0,"349":0,"350":0,"351":0,"352":0,"353":0,"354":0,"355":0,"356":0,"357":0,"358":0,"359":0,"360":0,"361":0,"362":0,"363":0,"364":0,"365":0,"366":0,"367":0,"368":0,"369":0,"370":0,"371":0,"372":0,"373":0,"374":0,"375":0,"376":0,"377":0,"378":0,"379":0,"380":0,"381":0,"382":0,"383":0,"384":0,"385":0,"386":0,"387":0,"388":0,"389":0,"390":0,"391":0,"392":0,"393":0,"394":0,"395":0,"396":0,"399":0,"400":0,"401":0,"402":0,"403":0,"404":0,"405":0,"406":0,"407":0,"408":0,"409":0,"410":0,"411":0,"412":0,"413":0,"414":0,"415":0,"416":0,"417":0,"418":0,"419":0,"421":0,"422":0,"423":0,"424":0,"425":0,"426":0,"427":0,"428":0,"429":0,"430":0,"431":0,"432":0,"433":0,"434":0,"435":0,"436":0,"437":0,"438":0,"439":0,"440":0,"441":0,"442":0,"444":0,"445":0,"446":0,"447":0,"448":0,"449":0,"450":0,"451":0,"452":0,"453":0,"454":0,"455":0,"457":0,"458":0,"459":0,"460":0,"461":0,"462":0,"463":0,"464":0,"465":0,"466":0,"467":0,"468":0,"469":0,"470":0,"471":0,"474":0,"475":0,"476":0,"477":0,"478":0},"branchMap":{"0":{"type":"branch","line":1,"loc":{"start":{"line":1,"column":12170},"end":{"line":479,"column":2}},"locations":[{"start":{"line":1,"column":12170},"end":{"line":479,"column":2}}]}},"b":{"0":[1]},"fnMap":{"0":{"name":"(empty-report)","decl":{"start":{"line":1,"column":12170},"end":{"line":479,"column":2}},"loc":{"start":{"line":1,"column":12170},"end":{"line":479,"column":2}},"line":1}},"f":{"0":1}}
,"/Users/feranmi/codebases/2025/yearnings/simple-ui/src/components/data-display/table/index.tsx": {"path":"/Users/feranmi/codebases/2025/yearnings/simple-ui/src/components/data-display/table/index.tsx","all":true,"statementMap":{"0":{"start":{"line":1,"column":0},"end":{"line":1,"column":66}},"1":{"start":{"line":2,"column":0},"end":{"line":2,"column":8}},"9":{"start":{"line":10,"column":0},"end":{"line":10,"column":36}},"24":{"start":{"line":25,"column":0},"end":{"line":25,"column":79}},"25":{"start":{"line":26,"column":0},"end":{"line":26,"column":13}},"26":{"start":{"line":27,"column":0},"end":{"line":27,"column":11}},"27":{"start":{"line":28,"column":0},"end":{"line":28,"column":20}},"28":{"start":{"line":29,"column":0},"end":{"line":29,"column":20}},"29":{"start":{"line":30,"column":0},"end":{"line":30,"column":22}},"30":{"start":{"line":31,"column":0},"end":{"line":31,"column":6}},"31":{"start":{"line":32,"column":0},"end":{"line":32,"column":14}},"32":{"start":{"line":33,"column":0},"end":{"line":33,"column":18}},"33":{"start":{"line":34,"column":0},"end":{"line":34,"column":41}},"34":{"start":{"line":35,"column":0},"end":{"line":35,"column":18}},"35":{"start":{"line":36,"column":0},"end":{"line":36,"column":6}},"36":{"start":{"line":37,"column":0},"end":{"line":37,"column":4}},"37":{"start":{"line":38,"column":0},"end":{"line":38,"column":20}},"38":{"start":{"line":39,"column":0},"end":{"line":39,"column":15}},"39":{"start":{"line":40,"column":0},"end":{"line":40,"column":23}},"40":{"start":{"line":41,"column":0},"end":{"line":41,"column":4}},"41":{"start":{"line":42,"column":0},"end":{"line":42,"column":3}},"43":{"start":{"line":44,"column":0},"end":{"line":44,"column":25}},"44":{"start":{"line":45,"column":0},"end":{"line":45,"column":3}},"45":{"start":{"line":46,"column":0},"end":{"line":46,"column":17}},"46":{"start":{"line":47,"column":0},"end":{"line":47,"column":15}},"47":{"start":{"line":48,"column":0},"end":{"line":48,"column":22}},"48":{"start":{"line":49,"column":0},"end":{"line":49,"column":11}},"49":{"start":{"line":50,"column":0},"end":{"line":50,"column":11}},"50":{"start":{"line":51,"column":0},"end":{"line":51,"column":16}},"51":{"start":{"line":52,"column":0},"end":{"line":52,"column":18}},"52":{"start":{"line":53,"column":0},"end":{"line":53,"column":20}},"53":{"start":{"line":54,"column":0},"end":{"line":54,"column":21}},"54":{"start":{"line":55,"column":0},"end":{"line":55,"column":16}},"55":{"start":{"line":56,"column":0},"end":{"line":56,"column":18}},"56":{"start":{"line":57,"column":0},"end":{"line":57,"column":4}},"57":{"start":{"line":58,"column":0},"end":{"line":58,"column":3}},"58":{"start":{"line":59,"column":0},"end":{"line":59,"column":15}},"59":{"start":{"line":60,"column":0},"end":{"line":60,"column":17}},"60":{"start":{"line":61,"column":0},"end":{"line":61,"column":67}},"61":{"start":{"line":62,"column":0},"end":{"line":62,"column":18}},"62":{"start":{"line":63,"column":0},"end":{"line":63,"column":8}},"63":{"start":{"line":64,"column":0},"end":{"line":64,"column":15}},"64":{"start":{"line":65,"column":0},"end":{"line":65,"column":46}},"65":{"start":{"line":66,"column":0},"end":{"line":66,"column":48}},"66":{"start":{"line":67,"column":0},"end":{"line":67,"column":18}},"67":{"start":{"line":68,"column":0},"end":{"line":68,"column":8}},"68":{"start":{"line":69,"column":0},"end":{"line":69,"column":14}},"69":{"start":{"line":70,"column":0},"end":{"line":70,"column":26}},"70":{"start":{"line":71,"column":0},"end":{"line":71,"column":30}},"71":{"start":{"line":72,"column":0},"end":{"line":72,"column":28}},"72":{"start":{"line":73,"column":0},"end":{"line":73,"column":8}},"73":{"start":{"line":74,"column":0},"end":{"line":74,"column":6}},"74":{"start":{"line":75,"column":0},"end":{"line":75,"column":22}},"75":{"start":{"line":76,"column":0},"end":{"line":76,"column":22}},"76":{"start":{"line":77,"column":0},"end":{"line":77,"column":20}},"77":{"start":{"line":78,"column":0},"end":{"line":78,"column":20}},"78":{"start":{"line":79,"column":0},"end":{"line":79,"column":6}},"79":{"start":{"line":80,"column":0},"end":{"line":80,"column":3}},"80":{"start":{"line":81,"column":0},"end":{"line":81,"column":2}},"82":{"start":{"line":83,"column":0},"end":{"line":83,"column":23}},"83":{"start":{"line":84,"column":0},"end":{"line":84,"column":67}},"84":{"start":{"line":85,"column":0},"end":{"line":85,"column":3}},"85":{"start":{"line":86,"column":0},"end":{"line":86,"column":15}},"86":{"start":{"line":87,"column":0},"end":{"line":87,"column":15}},"87":{"start":{"line":88,"column":0},"end":{"line":88,"column":44}},"88":{"start":{"line":89,"column":0},"end":{"line":89,"column":46}},"89":{"start":{"line":90,"column":0},"end":{"line":90,"column":18}},"90":{"start":{"line":91,"column":0},"end":{"line":91,"column":8}},"91":{"start":{"line":92,"column":0},"end":{"line":92,"column":14}},"92":{"start":{"line":93,"column":0},"end":{"line":93,"column":26}},"93":{"start":{"line":94,"column":0},"end":{"line":94,"column":30}},"94":{"start":{"line":95,"column":0},"end":{"line":95,"column":28}},"95":{"start":{"line":96,"column":0},"end":{"line":96,"column":8}},"96":{"start":{"line":97,"column":0},"end":{"line":97,"column":17}},"97":{"start":{"line":98,"column":0},"end":{"line":98,"column":27}},"98":{"start":{"line":99,"column":0},"end":{"line":99,"column":18}},"99":{"start":{"line":100,"column":0},"end":{"line":100,"column":8}},"100":{"start":{"line":101,"column":0},"end":{"line":101,"column":6}},"101":{"start":{"line":102,"column":0},"end":{"line":102,"column":22}},"102":{"start":{"line":103,"column":0},"end":{"line":103,"column":20}},"103":{"start":{"line":104,"column":0},"end":{"line":104,"column":20}},"104":{"start":{"line":105,"column":0},"end":{"line":105,"column":22}},"105":{"start":{"line":106,"column":0},"end":{"line":106,"column":6}},"106":{"start":{"line":107,"column":0},"end":{"line":107,"column":3}},"107":{"start":{"line":108,"column":0},"end":{"line":108,"column":2}},"109":{"start":{"line":110,"column":0},"end":{"line":110,"column":62}},"110":{"start":{"line":111,"column":0},"end":{"line":111,"column":13}},"111":{"start":{"line":112,"column":0},"end":{"line":112,"column":16}},"112":{"start":{"line":113,"column":0},"end":{"line":113,"column":46}},"113":{"start":{"line":114,"column":0},"end":{"line":114,"column":16}},"114":{"start":{"line":115,"column":0},"end":{"line":115,"column":6}},"115":{"start":{"line":116,"column":0},"end":{"line":116,"column":15}},"116":{"start":{"line":117,"column":0},"end":{"line":117,"column":25}},"117":{"start":{"line":118,"column":0},"end":{"line":118,"column":16}},"118":{"start":{"line":119,"column":0},"end":{"line":119,"column":6}},"119":{"start":{"line":120,"column":0},"end":{"line":120,"column":14}},"120":{"start":{"line":121,"column":0},"end":{"line":121,"column":30}},"121":{"start":{"line":122,"column":0},"end":{"line":122,"column":16}},"122":{"start":{"line":123,"column":0},"end":{"line":123,"column":6}},"123":{"start":{"line":124,"column":0},"end":{"line":124,"column":4}},"124":{"start":{"line":125,"column":0},"end":{"line":125,"column":20}},"125":{"start":{"line":126,"column":0},"end":{"line":126,"column":21}},"126":{"start":{"line":127,"column":0},"end":{"line":127,"column":20}},"127":{"start":{"line":128,"column":0},"end":{"line":128,"column":19}},"128":{"start":{"line":129,"column":0},"end":{"line":129,"column":4}},"129":{"start":{"line":130,"column":0},"end":{"line":130,"column":3}},"133":{"start":{"line":134,"column":0},"end":{"line":134,"column":60}},"134":{"start":{"line":135,"column":0},"end":{"line":135,"column":30}},"135":{"start":{"line":136,"column":0},"end":{"line":136,"column":25}},"136":{"start":{"line":137,"column":0},"end":{"line":137,"column":9}},"137":{"start":{"line":138,"column":0},"end":{"line":138,"column":9}},"138":{"start":{"line":139,"column":0},"end":{"line":139,"column":12}},"139":{"start":{"line":140,"column":0},"end":{"line":140,"column":25}},"140":{"start":{"line":141,"column":0},"end":{"line":141,"column":28}},"141":{"start":{"line":142,"column":0},"end":{"line":142,"column":28}},"142":{"start":{"line":143,"column":0},"end":{"line":143,"column":32}},"143":{"start":{"line":144,"column":0},"end":{"line":144,"column":29}},"144":{"start":{"line":145,"column":0},"end":{"line":145,"column":18}},"145":{"start":{"line":146,"column":0},"end":{"line":146,"column":18}},"146":{"start":{"line":147,"column":0},"end":{"line":147,"column":29}},"147":{"start":{"line":148,"column":0},"end":{"line":148,"column":26}},"148":{"start":{"line":149,"column":0},"end":{"line":149,"column":28}},"149":{"start":{"line":150,"column":0},"end":{"line":150,"column":70}},"150":{"start":{"line":151,"column":0},"end":{"line":151,"column":22}},"151":{"start":{"line":152,"column":0},"end":{"line":152,"column":14}},"154":{"start":{"line":155,"column":0},"end":{"line":155,"column":57}},"155":{"start":{"line":156,"column":0},"end":{"line":156,"column":16}},"156":{"start":{"line":157,"column":0},"end":{"line":157,"column":16}},"157":{"start":{"line":158,"column":0},"end":{"line":158,"column":17}},"158":{"start":{"line":159,"column":0},"end":{"line":159,"column":65}},"159":{"start":{"line":160,"column":0},"end":{"line":160,"column":62}},"160":{"start":{"line":161,"column":0},"end":{"line":161,"column":25}},"161":{"start":{"line":162,"column":0},"end":{"line":162,"column":6}},"162":{"start":{"line":163,"column":0},"end":{"line":163,"column":16}},"163":{"start":{"line":164,"column":0},"end":{"line":164,"column":32}},"164":{"start":{"line":165,"column":0},"end":{"line":165,"column":27}},"165":{"start":{"line":166,"column":0},"end":{"line":166,"column":29}},"166":{"start":{"line":167,"column":0},"end":{"line":167,"column":6}},"167":{"start":{"line":168,"column":0},"end":{"line":168,"column":21}},"168":{"start":{"line":169,"column":0},"end":{"line":169,"column":25}},"169":{"start":{"line":170,"column":0},"end":{"line":170,"column":46}},"170":{"start":{"line":171,"column":0},"end":{"line":171,"column":21}},"171":{"start":{"line":172,"column":0},"end":{"line":172,"column":24}},"172":{"start":{"line":173,"column":0},"end":{"line":173,"column":20}},"173":{"start":{"line":174,"column":0},"end":{"line":174,"column":6}},"176":{"start":{"line":177,"column":0},"end":{"line":177,"column":36}},"177":{"start":{"line":178,"column":0},"end":{"line":178,"column":43}},"178":{"start":{"line":179,"column":0},"end":{"line":179,"column":26}},"179":{"start":{"line":180,"column":0},"end":{"line":180,"column":79}},"180":{"start":{"line":181,"column":0},"end":{"line":181,"column":36}},"182":{"start":{"line":183,"column":0},"end":{"line":183,"column":27}},"183":{"start":{"line":184,"column":0},"end":{"line":184,"column":49}},"184":{"start":{"line":185,"column":0},"end":{"line":185,"column":48}},"185":{"start":{"line":186,"column":0},"end":{"line":186,"column":37}},"186":{"start":{"line":187,"column":0},"end":{"line":187,"column":62}},"187":{"start":{"line":188,"column":0},"end":{"line":188,"column":19}},"188":{"start":{"line":189,"column":0},"end":{"line":189,"column":14}},"189":{"start":{"line":190,"column":0},"end":{"line":190,"column":18}},"190":{"start":{"line":191,"column":0},"end":{"line":191,"column":77}},"191":{"start":{"line":192,"column":0},"end":{"line":192,"column":11}},"192":{"start":{"line":193,"column":0},"end":{"line":193,"column":16}},"193":{"start":{"line":194,"column":0},"end":{"line":194,"column":38}},"194":{"start":{"line":195,"column":0},"end":{"line":195,"column":21}},"195":{"start":{"line":196,"column":0},"end":{"line":196,"column":76}},"196":{"start":{"line":197,"column":0},"end":{"line":197,"column":12}},"198":{"start":{"line":199,"column":0},"end":{"line":199,"column":32}},"199":{"start":{"line":200,"column":0},"end":{"line":200,"column":52}},"200":{"start":{"line":201,"column":0},"end":{"line":201,"column":18}},"201":{"start":{"line":202,"column":0},"end":{"line":202,"column":35}},"202":{"start":{"line":203,"column":0},"end":{"line":203,"column":11}},"203":{"start":{"line":204,"column":0},"end":{"line":204,"column":9}},"205":{"start":{"line":206,"column":0},"end":{"line":206,"column":48}},"206":{"start":{"line":207,"column":0},"end":{"line":207,"column":9}},"207":{"start":{"line":208,"column":0},"end":{"line":208,"column":6}},"208":{"start":{"line":209,"column":0},"end":{"line":209,"column":21}},"209":{"start":{"line":210,"column":0},"end":{"line":210,"column":4}},"212":{"start":{"line":213,"column":0},"end":{"line":213,"column":41}},"213":{"start":{"line":214,"column":0},"end":{"line":214,"column":24}},"214":{"start":{"line":215,"column":0},"end":{"line":215,"column":26}},"215":{"start":{"line":216,"column":0},"end":{"line":216,"column":70}},"217":{"start":{"line":218,"column":0},"end":{"line":218,"column":40}},"218":{"start":{"line":219,"column":0},"end":{"line":219,"column":39}},"219":{"start":{"line":220,"column":0},"end":{"line":220,"column":16}},"220":{"start":{"line":221,"column":0},"end":{"line":221,"column":38}},"221":{"start":{"line":222,"column":0},"end":{"line":222,"column":35}},"222":{"start":{"line":223,"column":0},"end":{"line":223,"column":11}},"223":{"start":{"line":224,"column":0},"end":{"line":224,"column":36}},"224":{"start":{"line":225,"column":0},"end":{"line":225,"column":9}},"226":{"start":{"line":227,"column":0},"end":{"line":227,"column":38}},"227":{"start":{"line":228,"column":0},"end":{"line":228,"column":50}},"229":{"start":{"line":230,"column":0},"end":{"line":230,"column":16}},"230":{"start":{"line":231,"column":0},"end":{"line":231,"column":18}},"231":{"start":{"line":232,"column":0},"end":{"line":232,"column":22}},"232":{"start":{"line":233,"column":0},"end":{"line":233,"column":43}},"233":{"start":{"line":234,"column":0},"end":{"line":234,"column":72}},"234":{"start":{"line":235,"column":0},"end":{"line":235,"column":76}},"235":{"start":{"line":236,"column":0},"end":{"line":236,"column":12}},"236":{"start":{"line":237,"column":0},"end":{"line":237,"column":10}},"237":{"start":{"line":238,"column":0},"end":{"line":238,"column":9}},"238":{"start":{"line":239,"column":0},"end":{"line":239,"column":6}},"239":{"start":{"line":240,"column":0},"end":{"line":240,"column":39}},"240":{"start":{"line":241,"column":0},"end":{"line":241,"column":4}},"243":{"start":{"line":244,"column":0},"end":{"line":244,"column":35}},"244":{"start":{"line":245,"column":0},"end":{"line":245,"column":54}},"245":{"start":{"line":246,"column":0},"end":{"line":246,"column":23}},"246":{"start":{"line":247,"column":0},"end":{"line":247,"column":16}},"247":{"start":{"line":248,"column":0},"end":{"line":248,"column":70}},"248":{"start":{"line":249,"column":0},"end":{"line":249,"column":76}},"249":{"start":{"line":250,"column":0},"end":{"line":250,"column":26}},"250":{"start":{"line":251,"column":0},"end":{"line":251,"column":45}},"251":{"start":{"line":252,"column":0},"end":{"line":252,"column":44}},"252":{"start":{"line":253,"column":0},"end":{"line":253,"column":10}},"253":{"start":{"line":254,"column":0},"end":{"line":254,"column":44}},"254":{"start":{"line":255,"column":0},"end":{"line":255,"column":8}},"255":{"start":{"line":256,"column":0},"end":{"line":256,"column":75}},"256":{"start":{"line":257,"column":0},"end":{"line":257,"column":27}},"257":{"start":{"line":258,"column":0},"end":{"line":258,"column":29}},"258":{"start":{"line":259,"column":0},"end":{"line":259,"column":18}},"259":{"start":{"line":260,"column":0},"end":{"line":260,"column":75}},"260":{"start":{"line":261,"column":0},"end":{"line":261,"column":12}},"261":{"start":{"line":262,"column":0},"end":{"line":262,"column":8}},"262":{"start":{"line":263,"column":0},"end":{"line":263,"column":20}},"263":{"start":{"line":264,"column":0},"end":{"line":264,"column":79}},"264":{"start":{"line":265,"column":0},"end":{"line":265,"column":73}},"265":{"start":{"line":266,"column":0},"end":{"line":266,"column":31}},"266":{"start":{"line":267,"column":0},"end":{"line":267,"column":29}},"267":{"start":{"line":268,"column":0},"end":{"line":268,"column":18}},"268":{"start":{"line":269,"column":0},"end":{"line":269,"column":29}},"269":{"start":{"line":270,"column":0},"end":{"line":270,"column":37}},"270":{"start":{"line":271,"column":0},"end":{"line":271,"column":65}},"271":{"start":{"line":272,"column":0},"end":{"line":272,"column":12}},"272":{"start":{"line":273,"column":0},"end":{"line":273,"column":12}},"273":{"start":{"line":274,"column":0},"end":{"line":274,"column":8}},"274":{"start":{"line":275,"column":0},"end":{"line":275,"column":7}},"275":{"start":{"line":276,"column":0},"end":{"line":276,"column":5}},"276":{"start":{"line":277,"column":0},"end":{"line":277,"column":20}},"277":{"start":{"line":278,"column":0},"end":{"line":278,"column":25}},"278":{"start":{"line":279,"column":0},"end":{"line":279,"column":29}},"279":{"start":{"line":280,"column":0},"end":{"line":280,"column":20}},"280":{"start":{"line":281,"column":0},"end":{"line":281,"column":22}},"281":{"start":{"line":282,"column":0},"end":{"line":282,"column":20}},"282":{"start":{"line":283,"column":0},"end":{"line":283,"column":5}},"283":{"start":{"line":284,"column":0},"end":{"line":284,"column":4}},"286":{"start":{"line":287,"column":0},"end":{"line":287,"column":44}},"287":{"start":{"line":288,"column":0},"end":{"line":288,"column":52}},"288":{"start":{"line":289,"column":0},"end":{"line":289,"column":44}},"289":{"start":{"line":290,"column":0},"end":{"line":290,"column":45}},"290":{"start":{"line":291,"column":0},"end":{"line":291,"column":33}},"291":{"start":{"line":292,"column":0},"end":{"line":292,"column":13}},"292":{"start":{"line":293,"column":0},"end":{"line":293,"column":16}},"293":{"start":{"line":294,"column":0},"end":{"line":294,"column":19}},"294":{"start":{"line":295,"column":0},"end":{"line":295,"column":43}},"295":{"start":{"line":296,"column":0},"end":{"line":296,"column":70}},"296":{"start":{"line":297,"column":0},"end":{"line":297,"column":37}},"298":{"start":{"line":299,"column":0},"end":{"line":299,"column":36}},"299":{"start":{"line":300,"column":0},"end":{"line":300,"column":49}},"300":{"start":{"line":301,"column":0},"end":{"line":301,"column":44}},"301":{"start":{"line":302,"column":0},"end":{"line":302,"column":63}},"302":{"start":{"line":303,"column":0},"end":{"line":303,"column":13}},"303":{"start":{"line":304,"column":0},"end":{"line":304,"column":24}},"304":{"start":{"line":305,"column":0},"end":{"line":305,"column":12}},"305":{"start":{"line":306,"column":0},"end":{"line":306,"column":49}},"306":{"start":{"line":307,"column":0},"end":{"line":307,"column":26}},"307":{"start":{"line":308,"column":0},"end":{"line":308,"column":72}},"308":{"start":{"line":309,"column":0},"end":{"line":309,"column":19}},"309":{"start":{"line":310,"column":0},"end":{"line":310,"column":43}},"310":{"start":{"line":311,"column":0},"end":{"line":311,"column":43}},"311":{"start":{"line":312,"column":0},"end":{"line":312,"column":47}},"312":{"start":{"line":313,"column":0},"end":{"line":313,"column":22}},"313":{"start":{"line":314,"column":0},"end":{"line":314,"column":35}},"314":{"start":{"line":315,"column":0},"end":{"line":315,"column":44}},"315":{"start":{"line":316,"column":0},"end":{"line":316,"column":57}},"316":{"start":{"line":317,"column":0},"end":{"line":317,"column":52}},"317":{"start":{"line":318,"column":0},"end":{"line":318,"column":71}},"318":{"start":{"line":319,"column":0},"end":{"line":319,"column":21}},"319":{"start":{"line":320,"column":0},"end":{"line":320,"column":32}},"320":{"start":{"line":321,"column":0},"end":{"line":321,"column":20}},"321":{"start":{"line":322,"column":0},"end":{"line":322,"column":38}},"322":{"start":{"line":323,"column":0},"end":{"line":323,"column":51}},"323":{"start":{"line":324,"column":0},"end":{"line":324,"column":51}},"324":{"start":{"line":325,"column":0},"end":{"line":325,"column":69}},"326":{"start":{"line":327,"column":0},"end":{"line":327,"column":38}},"327":{"start":{"line":328,"column":0},"end":{"line":328,"column":42}},"328":{"start":{"line":329,"column":0},"end":{"line":329,"column":30}},"329":{"start":{"line":330,"column":0},"end":{"line":330,"column":33}},"330":{"start":{"line":331,"column":0},"end":{"line":331,"column":31}},"331":{"start":{"line":332,"column":0},"end":{"line":332,"column":25}},"332":{"start":{"line":333,"column":0},"end":{"line":333,"column":21}},"334":{"start":{"line":335,"column":0},"end":{"line":335,"column":51}},"335":{"start":{"line":336,"column":0},"end":{"line":336,"column":20}},"336":{"start":{"line":337,"column":0},"end":{"line":337,"column":18}},"337":{"start":{"line":338,"column":0},"end":{"line":338,"column":16}},"338":{"start":{"line":339,"column":0},"end":{"line":339,"column":12}},"339":{"start":{"line":340,"column":0},"end":{"line":340,"column":70}},"340":{"start":{"line":341,"column":0},"end":{"line":341,"column":54}},"341":{"start":{"line":342,"column":0},"end":{"line":342,"column":63}},"342":{"start":{"line":343,"column":0},"end":{"line":343,"column":55}},"343":{"start":{"line":344,"column":0},"end":{"line":344,"column":33}},"344":{"start":{"line":345,"column":0},"end":{"line":345,"column":56}},"345":{"start":{"line":346,"column":0},"end":{"line":346,"column":38}},"346":{"start":{"line":347,"column":0},"end":{"line":347,"column":37}},"347":{"start":{"line":348,"column":0},"end":{"line":348,"column":20}},"348":{"start":{"line":349,"column":0},"end":{"line":349,"column":34}},"349":{"start":{"line":350,"column":0},"end":{"line":350,"column":13}},"350":{"start":{"line":351,"column":0},"end":{"line":351,"column":69}},"351":{"start":{"line":352,"column":0},"end":{"line":352,"column":12}},"352":{"start":{"line":353,"column":0},"end":{"line":353,"column":10}},"353":{"start":{"line":354,"column":0},"end":{"line":354,"column":19}},"354":{"start":{"line":355,"column":0},"end":{"line":355,"column":9}},"355":{"start":{"line":356,"column":0},"end":{"line":356,"column":6}},"356":{"start":{"line":357,"column":0},"end":{"line":357,"column":32}},"357":{"start":{"line":358,"column":0},"end":{"line":358,"column":6}},"358":{"start":{"line":359,"column":0},"end":{"line":359,"column":9}},"359":{"start":{"line":360,"column":0},"end":{"line":360,"column":12}},"360":{"start":{"line":361,"column":0},"end":{"line":361,"column":27}},"361":{"start":{"line":362,"column":0},"end":{"line":362,"column":35}},"362":{"start":{"line":363,"column":0},"end":{"line":363,"column":19}},"363":{"start":{"line":364,"column":0},"end":{"line":364,"column":13}},"364":{"start":{"line":365,"column":0},"end":{"line":365,"column":17}},"365":{"start":{"line":366,"column":0},"end":{"line":366,"column":23}},"366":{"start":{"line":367,"column":0},"end":{"line":367,"column":5}},"368":{"start":{"line":369,"column":0},"end":{"line":369,"column":52}},"369":{"start":{"line":370,"column":0},"end":{"line":370,"column":24}},"370":{"start":{"line":371,"column":0},"end":{"line":371,"column":50}},"371":{"start":{"line":372,"column":0},"end":{"line":372,"column":66}},"373":{"start":{"line":374,"column":0},"end":{"line":374,"column":14}},"374":{"start":{"line":375,"column":0},"end":{"line":375,"column":16}},"375":{"start":{"line":376,"column":0},"end":{"line":376,"column":20}},"376":{"start":{"line":377,"column":0},"end":{"line":377,"column":48}},"377":{"start":{"line":378,"column":0},"end":{"line":378,"column":23}},"378":{"start":{"line":379,"column":0},"end":{"line":379,"column":33}},"379":{"start":{"line":380,"column":0},"end":{"line":380,"column":49}},"380":{"start":{"line":381,"column":0},"end":{"line":381,"column":33}},"381":{"start":{"line":382,"column":0},"end":{"line":382,"column":10}},"382":{"start":{"line":383,"column":0},"end":{"line":383,"column":8}},"383":{"start":{"line":384,"column":0},"end":{"line":384,"column":7}},"384":{"start":{"line":385,"column":0},"end":{"line":385,"column":13}},"387":{"start":{"line":388,"column":0},"end":{"line":388,"column":38}},"388":{"start":{"line":389,"column":0},"end":{"line":389,"column":32}},"389":{"start":{"line":390,"column":0},"end":{"line":390,"column":73}},"390":{"start":{"line":391,"column":0},"end":{"line":391,"column":6}},"391":{"start":{"line":392,"column":0},"end":{"line":392,"column":25}},"392":{"start":{"line":393,"column":0},"end":{"line":393,"column":14}},"393":{"start":{"line":394,"column":0},"end":{"line":394,"column":19}},"394":{"start":{"line":395,"column":0},"end":{"line":395,"column":27}},"395":{"start":{"line":396,"column":0},"end":{"line":396,"column":74}},"396":{"start":{"line":397,"column":0},"end":{"line":397,"column":8}},"397":{"start":{"line":398,"column":0},"end":{"line":398,"column":8}},"398":{"start":{"line":399,"column":0},"end":{"line":399,"column":71}},"400":{"start":{"line":401,"column":0},"end":{"line":401,"column":42}},"401":{"start":{"line":402,"column":0},"end":{"line":402,"column":25}},"402":{"start":{"line":403,"column":0},"end":{"line":403,"column":14}},"403":{"start":{"line":404,"column":0},"end":{"line":404,"column":19}},"404":{"start":{"line":405,"column":0},"end":{"line":405,"column":27}},"405":{"start":{"line":406,"column":0},"end":{"line":406,"column":62}},"406":{"start":{"line":407,"column":0},"end":{"line":407,"column":8}},"407":{"start":{"line":408,"column":0},"end":{"line":408,"column":8}},"408":{"start":{"line":409,"column":0},"end":{"line":409,"column":9}},"410":{"start":{"line":411,"column":0},"end":{"line":411,"column":59}},"411":{"start":{"line":412,"column":0},"end":{"line":412,"column":25}},"412":{"start":{"line":413,"column":0},"end":{"line":413,"column":14}},"413":{"start":{"line":414,"column":0},"end":{"line":414,"column":52}},"414":{"start":{"line":415,"column":0},"end":{"line":415,"column":8}},"415":{"start":{"line":416,"column":0},"end":{"line":416,"column":9}},"417":{"start":{"line":418,"column":0},"end":{"line":418,"column":57}},"418":{"start":{"line":419,"column":0},"end":{"line":419,"column":25}},"419":{"start":{"line":420,"column":0},"end":{"line":420,"column":14}},"420":{"start":{"line":421,"column":0},"end":{"line":421,"column":65}},"421":{"start":{"line":422,"column":0},"end":{"line":422,"column":8}},"422":{"start":{"line":423,"column":0},"end":{"line":423,"column":9}},"424":{"start":{"line":425,"column":0},"end":{"line":425,"column":48}},"425":{"start":{"line":426,"column":0},"end":{"line":426,"column":42}},"426":{"start":{"line":427,"column":0},"end":{"line":427,"column":35}},"428":{"start":{"line":429,"column":0},"end":{"line":429,"column":44}},"429":{"start":{"line":430,"column":0},"end":{"line":430,"column":32}},"430":{"start":{"line":431,"column":0},"end":{"line":431,"column":73}},"431":{"start":{"line":432,"column":0},"end":{"line":432,"column":6}},"432":{"start":{"line":433,"column":0},"end":{"line":433,"column":54}},"433":{"start":{"line":434,"column":0},"end":{"line":434,"column":6}},"434":{"start":{"line":435,"column":0},"end":{"line":435,"column":31}},"435":{"start":{"line":436,"column":0},"end":{"line":436,"column":27}},"436":{"start":{"line":437,"column":0},"end":{"line":437,"column":30}},"437":{"start":{"line":438,"column":0},"end":{"line":438,"column":16}},"438":{"start":{"line":439,"column":0},"end":{"line":439,"column":5}},"440":{"start":{"line":441,"column":0},"end":{"line":441,"column":42}},"441":{"start":{"line":442,"column":0},"end":{"line":442,"column":21}},"442":{"start":{"line":443,"column":0},"end":{"line":443,"column":73}},"443":{"start":{"line":444,"column":0},"end":{"line":444,"column":6}},"444":{"start":{"line":445,"column":0},"end":{"line":445,"column":71}},"447":{"start":{"line":448,"column":0},"end":{"line":448,"column":36}},"448":{"start":{"line":449,"column":0},"end":{"line":449,"column":54}},"449":{"start":{"line":450,"column":0},"end":{"line":450,"column":18}},"450":{"start":{"line":451,"column":0},"end":{"line":451,"column":5}},"452":{"start":{"line":453,"column":0},"end":{"line":453,"column":37}},"453":{"start":{"line":454,"column":0},"end":{"line":454,"column":41}},"454":{"start":{"line":455,"column":0},"end":{"line":455,"column":71}},"455":{"start":{"line":456,"column":0},"end":{"line":456,"column":30}},"457":{"start":{"line":458,"column":0},"end":{"line":458,"column":47}},"458":{"start":{"line":459,"column":0},"end":{"line":459,"column":47}},"461":{"start":{"line":462,"column":0},"end":{"line":462,"column":51}},"462":{"start":{"line":463,"column":0},"end":{"line":463,"column":35}},"463":{"start":{"line":464,"column":0},"end":{"line":464,"column":36}},"466":{"start":{"line":467,"column":0},"end":{"line":467,"column":31}},"467":{"start":{"line":468,"column":0},"end":{"line":468,"column":42}},"468":{"start":{"line":469,"column":0},"end":{"line":469,"column":23}},"469":{"start":{"line":470,"column":0},"end":{"line":470,"column":23}},"470":{"start":{"line":471,"column":0},"end":{"line":471,"column":25}},"471":{"start":{"line":472,"column":0},"end":{"line":472,"column":12}},"472":{"start":{"line":473,"column":0},"end":{"line":473,"column":29}},"473":{"start":{"line":474,"column":0},"end":{"line":474,"column":64}},"474":{"start":{"line":475,"column":0},"end":{"line":475,"column":11}},"475":{"start":{"line":476,"column":0},"end":{"line":476,"column":19}},"476":{"start":{"line":477,"column":0},"end":{"line":477,"column":9}},"479":{"start":{"line":480,"column":0},"end":{"line":480,"column":26}},"480":{"start":{"line":481,"column":0},"end":{"line":481,"column":52}},"481":{"start":{"line":482,"column":0},"end":{"line":482,"column":9}},"482":{"start":{"line":483,"column":0},"end":{"line":483,"column":26}},"483":{"start":{"line":484,"column":0},"end":{"line":484,"column":52}},"484":{"start":{"line":485,"column":0},"end":{"line":485,"column":9}},"485":{"start":{"line":486,"column":0},"end":{"line":486,"column":7}},"486":{"start":{"line":487,"column":0},"end":{"line":487,"column":15}},"487":{"start":{"line":488,"column":0},"end":{"line":488,"column":7}},"488":{"start":{"line":489,"column":0},"end":{"line":489,"column":52}},"491":{"start":{"line":492,"column":0},"end":{"line":492,"column":38}},"492":{"start":{"line":493,"column":0},"end":{"line":493,"column":8}},"493":{"start":{"line":494,"column":0},"end":{"line":494,"column":24}},"494":{"start":{"line":495,"column":0},"end":{"line":495,"column":57}},"495":{"start":{"line":496,"column":0},"end":{"line":496,"column":7}},"496":{"start":{"line":497,"column":0},"end":{"line":497,"column":24}},"497":{"start":{"line":498,"column":0},"end":{"line":498,"column":5}},"499":{"start":{"line":500,"column":0},"end":{"line":500,"column":39}},"501":{"start":{"line":502,"column":0},"end":{"line":502,"column":31}},"502":{"start":{"line":503,"column":0},"end":{"line":503,"column":54}},"503":{"start":{"line":504,"column":0},"end":{"line":504,"column":48}},"504":{"start":{"line":505,"column":0},"end":{"line":505,"column":22}},"505":{"start":{"line":506,"column":0},"end":{"line":506,"column":24}},"506":{"start":{"line":507,"column":0},"end":{"line":507,"column":26}},"507":{"start":{"line":508,"column":0},"end":{"line":508,"column":56}},"508":{"start":{"line":509,"column":0},"end":{"line":509,"column":11}},"509":{"start":{"line":510,"column":0},"end":{"line":510,"column":39}},"510":{"start":{"line":511,"column":0},"end":{"line":511,"column":7}},"513":{"start":{"line":514,"column":0},"end":{"line":514,"column":46}},"514":{"start":{"line":515,"column":0},"end":{"line":515,"column":73}},"515":{"start":{"line":516,"column":0},"end":{"line":516,"column":33}},"517":{"start":{"line":518,"column":0},"end":{"line":518,"column":30}},"518":{"start":{"line":519,"column":0},"end":{"line":519,"column":78}},"519":{"start":{"line":520,"column":0},"end":{"line":520,"column":9}},"521":{"start":{"line":522,"column":0},"end":{"line":522,"column":52}},"522":{"start":{"line":523,"column":0},"end":{"line":523,"column":40}},"524":{"start":{"line":525,"column":0},"end":{"line":525,"column":56}},"525":{"start":{"line":526,"column":0},"end":{"line":526,"column":73}},"527":{"start":{"line":528,"column":0},"end":{"line":528,"column":48}},"528":{"start":{"line":529,"column":0},"end":{"line":529,"column":26}},"529":{"start":{"line":530,"column":0},"end":{"line":530,"column":50}},"530":{"start":{"line":531,"column":0},"end":{"line":531,"column":24}},"531":{"start":{"line":532,"column":0},"end":{"line":532,"column":44}},"532":{"start":{"line":533,"column":0},"end":{"line":533,"column":28}},"533":{"start":{"line":534,"column":0},"end":{"line":534,"column":52}},"534":{"start":{"line":535,"column":0},"end":{"line":535,"column":26}},"535":{"start":{"line":536,"column":0},"end":{"line":536,"column":50}},"536":{"start":{"line":537,"column":0},"end":{"line":537,"column":18}},"537":{"start":{"line":538,"column":0},"end":{"line":538,"column":24}},"538":{"start":{"line":539,"column":0},"end":{"line":539,"column":9}},"539":{"start":{"line":540,"column":0},"end":{"line":540,"column":9}},"540":{"start":{"line":541,"column":0},"end":{"line":541,"column":7}},"541":{"start":{"line":542,"column":0},"end":{"line":542,"column":80}},"544":{"start":{"line":545,"column":0},"end":{"line":545,"column":39}},"545":{"start":{"line":546,"column":0},"end":{"line":546,"column":48}},"546":{"start":{"line":547,"column":0},"end":{"line":547,"column":26}},"547":{"start":{"line":548,"column":0},"end":{"line":548,"column":5}},"549":{"start":{"line":550,"column":0},"end":{"line":550,"column":73}},"550":{"start":{"line":551,"column":0},"end":{"line":551,"column":50}},"551":{"start":{"line":552,"column":0},"end":{"line":552,"column":42}},"552":{"start":{"line":553,"column":0},"end":{"line":553,"column":75}},"555":{"start":{"line":556,"column":0},"end":{"line":556,"column":19}},"556":{"start":{"line":557,"column":0},"end":{"line":557,"column":28}},"557":{"start":{"line":558,"column":0},"end":{"line":558,"column":27}},"558":{"start":{"line":559,"column":0},"end":{"line":559,"column":16}},"559":{"start":{"line":560,"column":0},"end":{"line":560,"column":21}},"560":{"start":{"line":561,"column":0},"end":{"line":561,"column":29}},"561":{"start":{"line":562,"column":0},"end":{"line":562,"column":37}},"562":{"start":{"line":563,"column":0},"end":{"line":563,"column":10}},"563":{"start":{"line":564,"column":0},"end":{"line":564,"column":10}},"564":{"start":{"line":565,"column":0},"end":{"line":565,"column":5}},"565":{"start":{"line":566,"column":0},"end":{"line":566,"column":46}},"568":{"start":{"line":569,"column":0},"end":{"line":569,"column":43}},"569":{"start":{"line":570,"column":0},"end":{"line":570,"column":37}},"570":{"start":{"line":571,"column":0},"end":{"line":571,"column":30}},"572":{"start":{"line":573,"column":0},"end":{"line":573,"column":47}},"573":{"start":{"line":574,"column":0},"end":{"line":574,"column":18}},"574":{"start":{"line":575,"column":0},"end":{"line":575,"column":64}},"575":{"start":{"line":576,"column":0},"end":{"line":576,"column":25}},"576":{"start":{"line":577,"column":0},"end":{"line":577,"column":54}},"578":{"start":{"line":579,"column":0},"end":{"line":579,"column":51}},"579":{"start":{"line":580,"column":0},"end":{"line":580,"column":80}},"580":{"start":{"line":581,"column":0},"end":{"line":581,"column":26}},"582":{"start":{"line":583,"column":0},"end":{"line":583,"column":53}},"583":{"start":{"line":584,"column":0},"end":{"line":584,"column":70}},"584":{"start":{"line":585,"column":0},"end":{"line":585,"column":26}},"586":{"start":{"line":587,"column":0},"end":{"line":587,"column":52}},"587":{"start":{"line":588,"column":0},"end":{"line":588,"column":38}},"588":{"start":{"line":589,"column":0},"end":{"line":589,"column":47}},"589":{"start":{"line":590,"column":0},"end":{"line":590,"column":6}},"590":{"start":{"line":591,"column":0},"end":{"line":591,"column":26}},"593":{"start":{"line":594,"column":0},"end":{"line":594,"column":59}},"594":{"start":{"line":595,"column":0},"end":{"line":595,"column":60}},"595":{"start":{"line":596,"column":0},"end":{"line":596,"column":9}},"598":{"start":{"line":599,"column":0},"end":{"line":599,"column":68}},"599":{"start":{"line":600,"column":0},"end":{"line":600,"column":47}},"600":{"start":{"line":601,"column":0},"end":{"line":601,"column":9}},"602":{"start":{"line":603,"column":0},"end":{"line":603,"column":10}},"603":{"start":{"line":604,"column":0},"end":{"line":604,"column":49}},"604":{"start":{"line":605,"column":0},"end":{"line":605,"column":56}},"605":{"start":{"line":606,"column":0},"end":{"line":606,"column":52}},"606":{"start":{"line":607,"column":0},"end":{"line":607,"column":59}},"608":{"start":{"line":609,"column":0},"end":{"line":609,"column":26}},"609":{"start":{"line":610,"column":0},"end":{"line":610,"column":28}},"610":{"start":{"line":611,"column":0},"end":{"line":611,"column":42}},"611":{"start":{"line":612,"column":0},"end":{"line":612,"column":60}},"612":{"start":{"line":613,"column":0},"end":{"line":613,"column":14}},"613":{"start":{"line":614,"column":0},"end":{"line":614,"column":54}},"614":{"start":{"line":615,"column":0},"end":{"line":615,"column":7}},"615":{"start":{"line":616,"column":0},"end":{"line":616,"column":6}},"617":{"start":{"line":618,"column":0},"end":{"line":618,"column":18}},"618":{"start":{"line":619,"column":0},"end":{"line":619,"column":21}},"619":{"start":{"line":620,"column":0},"end":{"line":620,"column":20}},"620":{"start":{"line":621,"column":0},"end":{"line":621,"column":23}},"621":{"start":{"line":622,"column":0},"end":{"line":622,"column":27}},"623":{"start":{"line":624,"column":0},"end":{"line":624,"column":13}},"624":{"start":{"line":625,"column":0},"end":{"line":625,"column":17}},"625":{"start":{"line":626,"column":0},"end":{"line":626,"column":17}},"626":{"start":{"line":627,"column":0},"end":{"line":627,"column":16}},"627":{"start":{"line":628,"column":0},"end":{"line":628,"column":23}},"628":{"start":{"line":629,"column":0},"end":{"line":629,"column":19}},"629":{"start":{"line":630,"column":0},"end":{"line":630,"column":17}},"631":{"start":{"line":632,"column":0},"end":{"line":632,"column":18}},"632":{"start":{"line":633,"column":0},"end":{"line":633,"column":22}},"633":{"start":{"line":634,"column":0},"end":{"line":634,"column":26}},"634":{"start":{"line":635,"column":0},"end":{"line":635,"column":28}},"635":{"start":{"line":636,"column":0},"end":{"line":636,"column":27}},"636":{"start":{"line":637,"column":0},"end":{"line":637,"column":4}},"637":{"start":{"line":638,"column":0},"end":{"line":638,"column":1}},"648":{"start":{"line":649,"column":0},"end":{"line":649,"column":67}},"649":{"start":{"line":650,"column":0},"end":{"line":650,"column":3}},"650":{"start":{"line":651,"column":0},"end":{"line":651,"column":5}},"651":{"start":{"line":652,"column":0},"end":{"line":652,"column":16}},"652":{"start":{"line":653,"column":0},"end":{"line":653,"column":19}},"653":{"start":{"line":654,"column":0},"end":{"line":654,"column":18}},"654":{"start":{"line":655,"column":0},"end":{"line":655,"column":26}},"655":{"start":{"line":656,"column":0},"end":{"line":656,"column":16}},"656":{"start":{"line":657,"column":0},"end":{"line":657,"column":33}},"657":{"start":{"line":658,"column":0},"end":{"line":658,"column":17}},"658":{"start":{"line":659,"column":0},"end":{"line":659,"column":23}},"659":{"start":{"line":660,"column":0},"end":{"line":660,"column":21}},"660":{"start":{"line":661,"column":0},"end":{"line":661,"column":6}},"661":{"start":{"line":662,"column":0},"end":{"line":662,"column":7}},"662":{"start":{"line":663,"column":0},"end":{"line":663,"column":8}},"664":{"start":{"line":665,"column":0},"end":{"line":665,"column":74}},"665":{"start":{"line":666,"column":0},"end":{"line":666,"column":58}},"667":{"start":{"line":668,"column":0},"end":{"line":668,"column":44}},"668":{"start":{"line":669,"column":0},"end":{"line":669,"column":56}},"670":{"start":{"line":671,"column":0},"end":{"line":671,"column":71}},"671":{"start":{"line":672,"column":0},"end":{"line":672,"column":32}},"672":{"start":{"line":673,"column":0},"end":{"line":673,"column":16}},"673":{"start":{"line":674,"column":0},"end":{"line":674,"column":80}},"674":{"start":{"line":675,"column":0},"end":{"line":675,"column":17}},"675":{"start":{"line":676,"column":0},"end":{"line":676,"column":32}},"676":{"start":{"line":677,"column":0},"end":{"line":677,"column":133}},"677":{"start":{"line":678,"column":0},"end":{"line":678,"column":32}},"678":{"start":{"line":679,"column":0},"end":{"line":679,"column":14}},"679":{"start":{"line":680,"column":0},"end":{"line":680,"column":16}},"681":{"start":{"line":682,"column":0},"end":{"line":682,"column":7}},"682":{"start":{"line":683,"column":0},"end":{"line":683,"column":33}},"683":{"start":{"line":684,"column":0},"end":{"line":684,"column":16}},"684":{"start":{"line":685,"column":0},"end":{"line":685,"column":80}},"685":{"start":{"line":686,"column":0},"end":{"line":686,"column":17}},"686":{"start":{"line":687,"column":0},"end":{"line":687,"column":32}},"687":{"start":{"line":688,"column":0},"end":{"line":688,"column":132}},"688":{"start":{"line":689,"column":0},"end":{"line":689,"column":32}},"689":{"start":{"line":690,"column":0},"end":{"line":690,"column":14}},"690":{"start":{"line":691,"column":0},"end":{"line":691,"column":16}},"692":{"start":{"line":693,"column":0},"end":{"line":693,"column":7}},"693":{"start":{"line":694,"column":0},"end":{"line":694,"column":14}},"694":{"start":{"line":695,"column":0},"end":{"line":695,"column":12}},"695":{"start":{"line":696,"column":0},"end":{"line":696,"column":67}},"696":{"start":{"line":697,"column":0},"end":{"line":697,"column":29}},"697":{"start":{"line":698,"column":0},"end":{"line":698,"column":29}},"699":{"start":{"line":700,"column":0},"end":{"line":700,"column":15}},"700":{"start":{"line":701,"column":0},"end":{"line":701,"column":30}},"701":{"start":{"line":702,"column":0},"end":{"line":702,"column":130}},"702":{"start":{"line":703,"column":0},"end":{"line":703,"column":30}},"703":{"start":{"line":704,"column":0},"end":{"line":704,"column":12}},"704":{"start":{"line":705,"column":0},"end":{"line":705,"column":14}},"706":{"start":{"line":707,"column":0},"end":{"line":707,"column":6}},"708":{"start":{"line":709,"column":0},"end":{"line":709,"column":12}},"709":{"start":{"line":710,"column":0},"end":{"line":710,"column":37}},"710":{"start":{"line":711,"column":0},"end":{"line":711,"column":14}},"711":{"start":{"line":712,"column":0},"end":{"line":712,"column":19}},"712":{"start":{"line":713,"column":0},"end":{"line":713,"column":67}},"714":{"start":{"line":715,"column":0},"end":{"line":715,"column":17}},"715":{"start":{"line":716,"column":0},"end":{"line":716,"column":16}},"716":{"start":{"line":717,"column":0},"end":{"line":717,"column":47}},"717":{"start":{"line":718,"column":0},"end":{"line":718,"column":19}},"718":{"start":{"line":719,"column":0},"end":{"line":719,"column":33}},"719":{"start":{"line":720,"column":0},"end":{"line":720,"column":32}},"720":{"start":{"line":721,"column":0},"end":{"line":721,"column":34}},"721":{"start":{"line":722,"column":0},"end":{"line":722,"column":52}},"722":{"start":{"line":723,"column":0},"end":{"line":723,"column":63}},"723":{"start":{"line":724,"column":0},"end":{"line":724,"column":52}},"724":{"start":{"line":725,"column":0},"end":{"line":725,"column":23}},"725":{"start":{"line":726,"column":0},"end":{"line":726,"column":59}},"726":{"start":{"line":727,"column":0},"end":{"line":727,"column":27}},"727":{"start":{"line":728,"column":0},"end":{"line":728,"column":20}},"728":{"start":{"line":729,"column":0},"end":{"line":729,"column":26}},"729":{"start":{"line":730,"column":0},"end":{"line":730,"column":44}},"730":{"start":{"line":731,"column":0},"end":{"line":731,"column":56}},"731":{"start":{"line":732,"column":0},"end":{"line":732,"column":56}},"732":{"start":{"line":733,"column":0},"end":{"line":733,"column":20}},"733":{"start":{"line":734,"column":0},"end":{"line":734,"column":34}},"734":{"start":{"line":735,"column":0},"end":{"line":735,"column":46}},"735":{"start":{"line":736,"column":0},"end":{"line":736,"column":45}},"736":{"start":{"line":737,"column":0},"end":{"line":737,"column":21}},"737":{"start":{"line":738,"column":0},"end":{"line":738,"column":20}},"739":{"start":{"line":740,"column":0},"end":{"line":740,"column":69}},"740":{"start":{"line":741,"column":0},"end":{"line":741,"column":58}},"741":{"start":{"line":742,"column":0},"end":{"line":742,"column":45}},"742":{"start":{"line":743,"column":0},"end":{"line":743,"column":67}},"744":{"start":{"line":745,"column":0},"end":{"line":745,"column":24}},"745":{"start":{"line":746,"column":0},"end":{"line":746,"column":21}},"746":{"start":{"line":747,"column":0},"end":{"line":747,"column":17}},"747":{"start":{"line":748,"column":0},"end":{"line":748,"column":17}},"748":{"start":{"line":749,"column":0},"end":{"line":749,"column":18}},"749":{"start":{"line":750,"column":0},"end":{"line":750,"column":17}},"750":{"start":{"line":751,"column":0},"end":{"line":751,"column":32}},"751":{"start":{"line":752,"column":0},"end":{"line":752,"column":17}},"752":{"start":{"line":753,"column":0},"end":{"line":753,"column":28}},"753":{"start":{"line":754,"column":0},"end":{"line":754,"column":30}},"754":{"start":{"line":755,"column":0},"end":{"line":755,"column":29}},"755":{"start":{"line":756,"column":0},"end":{"line":756,"column":66}},"756":{"start":{"line":757,"column":0},"end":{"line":757,"column":50}},"757":{"start":{"line":758,"column":0},"end":{"line":758,"column":51}},"758":{"start":{"line":759,"column":0},"end":{"line":759,"column":20}},"759":{"start":{"line":760,"column":0},"end":{"line":760,"column":18}},"760":{"start":{"line":761,"column":0},"end":{"line":761,"column":62}},"761":{"start":{"line":762,"column":0},"end":{"line":762,"column":74}},"763":{"start":{"line":764,"column":0},"end":{"line":764,"column":54}},"764":{"start":{"line":765,"column":0},"end":{"line":765,"column":21}},"765":{"start":{"line":766,"column":0},"end":{"line":766,"column":33}},"766":{"start":{"line":767,"column":0},"end":{"line":767,"column":34}},"767":{"start":{"line":768,"column":0},"end":{"line":768,"column":34}},"768":{"start":{"line":769,"column":0},"end":{"line":769,"column":70}},"769":{"start":{"line":770,"column":0},"end":{"line":770,"column":59}},"770":{"start":{"line":771,"column":0},"end":{"line":771,"column":54}},"771":{"start":{"line":772,"column":0},"end":{"line":772,"column":25}},"772":{"start":{"line":773,"column":0},"end":{"line":773,"column":63}},"773":{"start":{"line":774,"column":0},"end":{"line":774,"column":22}},"775":{"start":{"line":776,"column":0},"end":{"line":776,"column":40}},"776":{"start":{"line":777,"column":0},"end":{"line":777,"column":23}},"777":{"start":{"line":778,"column":0},"end":{"line":778,"column":19}},"778":{"start":{"line":779,"column":0},"end":{"line":779,"column":19}},"779":{"start":{"line":780,"column":0},"end":{"line":780,"column":15}},"780":{"start":{"line":781,"column":0},"end":{"line":781,"column":18}},"781":{"start":{"line":782,"column":0},"end":{"line":782,"column":16}},"782":{"start":{"line":783,"column":0},"end":{"line":783,"column":12}},"784":{"start":{"line":785,"column":0},"end":{"line":785,"column":3}},"785":{"start":{"line":786,"column":0},"end":{"line":786,"column":2}},"787":{"start":{"line":788,"column":0},"end":{"line":788,"column":28}}},"s":{"0":0,"1":0,"9":0,"24":0,"25":0,"26":0,"27":0,"28":0,"29":0,"30":0,"31":0,"32":0,"33":0,"34":0,"35":0,"36":0,"37":0,"38":0,"39":0,"40":0,"41":0,"43":0,"44":0,"45":0,"46":0,"47":0,"48":0,"49":0,"50":0,"51":0,"52":0,"53":0,"54":0,"55":0,"56":0,"57":0,"58":0,"59":0,"60":0,"61":0,"62":0,"63":0,"64":0,"65":0,"66":0,"67":0,"68":0,"69":0,"70":0,"71":0,"72":0,"73":0,"74":0,"75":0,"76":0,"77":0,"78":0,"79":0,"80":0,"82":0,"83":0,"84":0,"85":0,"86":0,"87":0,"88":0,"89":0,"90":0,"91":0,"92":0,"93":0,"94":0,"95":0,"96":0,"97":0,"98":0,"99":0,"100":0,"101":0,"102":0,"103":0,"104":0,"105":0,"106":0,"107":0,"1
[...]
:{"line":406,"column":12}},"406":{"start":{"line":407,"column":0},"end":{"line":407,"column":10}},"407":{"start":{"line":408,"column":0},"end":{"line":408,"column":17}},"408":{"start":{"line":409,"column":0},"end":{"line":409,"column":74}},"409":{"start":{"line":410,"column":0},"end":{"line":410,"column":18}},"412":{"start":{"line":413,"column":0},"end":{"line":413,"column":38}},"413":{"start":{"line":414,"column":0},"end":{"line":414,"column":39}},"414":{"start":{"line":415,"column":0},"end":{"line":415,"column":24}},"415":{"start":{"line":416,"column":0},"end":{"line":416,"column":22}},"416":{"start":{"line":417,"column":0},"end":{"line":417,"column":78}},"417":{"start":{"line":418,"column":0},"end":{"line":418,"column":23}},"418":{"start":{"line":419,"column":0},"end":{"line":419,"column":18}},"422":{"start":{"line":423,"column":0},"end":{"line":423,"column":63}},"423":{"start":{"line":424,"column":0},"end":{"line":424,"column":63}},"424":{"start":{"line":425,"column":0},"end":{"line":425,"column":14}},"427":{"start":{"line":428,"column":0},"end":{"line":428,"column":36}},"428":{"start":{"line":429,"column":0},"end":{"line":429,"column":14}},"429":{"start":{"line":430,"column":0},"end":{"line":430,"column":26}},"430":{"start":{"line":431,"column":0},"end":{"line":431,"column":72}},"431":{"start":{"line":432,"column":0},"end":{"line":432,"column":58}},"432":{"start":{"line":433,"column":0},"end":{"line":433,"column":14}},"434":{"start":{"line":435,"column":0},"end":{"line":435,"column":21}},"435":{"start":{"line":436,"column":0},"end":{"line":436,"column":16}},"437":{"start":{"line":438,"column":0},"end":{"line":438,"column":12}},"439":{"start":{"line":440,"column":0},"end":{"line":440,"column":3}},"440":{"start":{"line":441,"column":0},"end":{"line":441,"column":2}},"442":{"start":{"line":443,"column":0},"end":{"line":443,"column":32}}},"s":{"0":0,"1":0,"7":0,"9":0,"10":0,"11":0,"12":0,"13":0,"14":0,"15":0,"16":0,"17":0,"18":0,"19":0,"21":0,"22":0,"23":0,"24":0,"25":0,"26":0,"27":0,"28":0,"29":0,"30":0,"31":0,"33":0,"34":0,"35":0,"36":0,"37":0,"38":0,"39":0,"40":0,"41":0,"42":0,"43":0,"45":0,"46":0,"47":0,"48":0,"49":0,"50":0,"51":0,"52":0,"53":0,"54":0,"55":0,"56":0,"57":0,"58":0,"59":0,"60":0,"61":0,"62":0,"63":0,"64":0,"65":0,"66":0,"67":0,"68":0,"69":0,"70":0,"71":0,"72":0,"73":0,"74":0,"75":0,"76":0,"77":0,"78":0,"79":0,"80":0,"81":0,"82":0,"83":0,"84":0,"85":0,"87":0,"88":0,"89":0,"90":0,"91":0,"92":0,"93":0,"94":0,"95":0,"96":0,"97":0,"98":0,"99":0,"100":0,"101":0,"102":0,"103":0,"104":0,"105":0,"106":0,"107":0,"108":0,"110":0,"111":0,"112":0,"113":0,"114":0,"115":0,"116":0,"117":0,"118":0,"119":0,"120":0,"121":0,"122":0,"123":0,"124":0,"125":0,"126":0,"127":0,"128":0,"129":0,"130":0,"131":0,"132":0,"133":0,"134":0,"135":0,"136":0,"137":0,"139":0,"140":0,"141":0,"142":0,"143":0,"144":0,"145":0,"146":0,"147":0,"148":0,"149":0,"150":0,"151":0,"152":0,"153":0,"154":0,"155":0,"156":0,"157":0,"158":0,"160":0,"161":0,"162":0,"163":0,"164":0,"165":0,"166":0,"167":0,"168":0,"169":0,"170":0,"171":0,"172":0,"173":0,"174":0,"175":0,"176":0,"177":0,"178":0,"179":0,"180":0,"181":0,"182":0,"184":0,"185":0,"186":0,"187":0,"188":0,"189":0,"190":0,"191":0,"192":0,"193":0,"194":0,"195":0,"196":0,"197":0,"198":0,"199":0,"238":0,"239":0,"240":0,"241":0,"242":0,"243":0,"244":0,"245":0,"246":0,"247":0,"248":0,"249":0,"250":0,"251":0,"252":0,"253":0,"254":0,"255":0,"256":0,"257":0,"258":0,"261":0,"264":0,"265":0,"266":0,"267":0,"269":0,"272":0,"274":0,"275":0,"276":0,"277":0,"279":0,"280":0,"281":0,"282":0,"283":0,"285":0,"286":0,"287":0,"288":0,"289":0,"290":0,"292":0,"293":0,"295":0,"298":0,"300":0,"301":0,"302":0,"303":0,"304":0,"305":0,"306":0,"307":0,"308":0,"309":0,"310":0,"311":0,"312":0,"314":0,"315":0,"317":0,"319":0,"320":0,"322":0,"323":0,"324":0,"326":0,"327":0,"328":0,"330":0,"331":0,"332":0,"334":0,"335":0,"336":0,"337":0,"338":0,"339":0,"340":0,"343":0,"344":0,"345":0,"346":0,"347":0,"348":0,"349":0,"351":0,"353":0,"354":0,"355":0,"356":0,"357":0,"358":0,"359":0,"361":0,"365":0,"366":0,"367":0,"368":0,"369":0,"370":0,"371":0,"372":0,"373":0,"374":0,"375":0,"376":0,"377":0,"378":0,"379":0,"380":0,"382":0,"383":0,"384":0,"385":0,"386":0,"387":0,"388":0,"389":0,"390":0,"391":0,"393":0,"395":0,"396":0,"398":0,"400":0,"401":0,"402":0,"403":0,"405":0,"406":0,"407":0,"408":0,"409":0,"412":0,"413":0,"414":0,"415":0,"416":0,"417":0,"418":0,"422":0,"423":0,"424":0,"427":0,"428":0,"429":0,"430":0,"431":0,"432":0,"434":0,"435":0,"437":0,"439":0,"440":0,"442":0},"branchMap":{"0":{"type":"branch","line":1,"loc":{"start":{"line":1,"column":11612},"end":{"line":443,"column":32}},"locations":[{"start":{"line":1,"column":11612},"end":{"line":443,"column":32}}]}},"b":{"0":[0]},"fnMap":{"0":{"name":"(empty-report)","decl":{"start":{"line":1,"column":11612},"end":{"line":443,"column":32}},"loc":{"start":{"line":1,"column":11612},"end":{"line":443,"column":32}},"line":1}},"f":{"0":0}}
,"/Users/feranmi/codebases/2025/yearnings/simple-ui/src/components/ui/tabs/index.tsx": {"path":"/Users/feranmi/codebases/2025/yearnings/simple-ui/src/components/ui/tabs/index.tsx","all":true,"statementMap":{"0":{"start":{"line":1,"column":0},"end":{"line":1,"column":66}},"1":{"start":{"line":2,"column":0},"end":{"line":2,"column":8}},"9":{"start":{"line":10,"column":0},"end":{"line":10,"column":36}},"11":{"start":{"line":12,"column":0},"end":{"line":12,"column":56}},"13":{"start":{"line":14,"column":0},"end":{"line":14,"column":27}},"14":{"start":{"line":15,"column":0},"end":{"line":15,"column":3}},"15":{"start":{"line":16,"column":0},"end":{"line":16,"column":11}},"16":{"start":{"line":17,"column":0},"end":{"line":17,"column":22}},"17":{"start":{"line":18,"column":0},"end":{"line":18,"column":21}},"18":{"start":{"line":19,"column":0},"end":{"line":19,"column":15}},"19":{"start":{"line":20,"column":0},"end":{"line":20,"column":22}},"20":{"start":{"line":21,"column":0},"end":{"line":21,"column":15}},"21":{"start":{"line":22,"column":0},"end":{"line":22,"column":4}},"22":{"start":{"line":23,"column":0},"end":{"line":23,"column":3}},"23":{"start":{"line":24,"column":0},"end":{"line":24,"column":15}},"24":{"start":{"line":25,"column":0},"end":{"line":25,"column":16}},"25":{"start":{"line":26,"column":0},"end":{"line":26,"column":20}},"26":{"start":{"line":27,"column":0},"end":{"line":27,"column":53}},"27":{"start":{"line":28,"column":0},"end":{"line":28,"column":8}},"28":{"start":{"line":29,"column":0},"end":{"line":29,"column":6}},"29":{"start":{"line":30,"column":0},"end":{"line":30,"column":22}},"30":{"start":{"line":31,"column":0},"end":{"line":31,"column":25}},"31":{"start":{"line":32,"column":0},"end":{"line":32,"column":6}},"32":{"start":{"line":33,"column":0},"end":{"line":33,"column":3}},"33":{"start":{"line":34,"column":0},"end":{"line":34,"column":2}},"35":{"start":{"line":36,"column":0},"end":{"line":36,"column":22}},"36":{"start":{"line":37,"column":0},"end":{"line":37,"column":3}},"37":{"start":{"line":38,"column":0},"end":{"line":38,"column":15}},"38":{"start":{"line":39,"column":0},"end":{"line":39,"column":18}},"39":{"start":{"line":40,"column":0},"end":{"line":40,"column":19}},"40":{"start":{"line":41,"column":0},"end":{"line":41,"column":12}},"41":{"start":{"line":42,"column":0},"end":{"line":42,"column":11}},"42":{"start":{"line":43,"column":0},"end":{"line":43,"column":11}},"43":{"start":{"line":44,"column":0},"end":{"line":44,"column":14}},"44":{"start":{"line":45,"column":0},"end":{"line":45,"column":18}},"45":{"start":{"line":46,"column":0},"end":{"line":46,"column":21}},"46":{"start":{"line":47,"column":0},"end":{"line":47,"column":19}},"47":{"start":{"line":48,"column":0},"end":{"line":48,"column":21}},"48":{"start":{"line":49,"column":0},"end":{"line":49,"column":18}},"49":{"start":{"line":50,"column":0},"end":{"line":50,"column":24}},"50":{"start":{"line":51,"column":0},"end":{"line":51,"column":17}},"51":{"start":{"line":52,"column":0},"end":{"line":52,"column":25}},"52":{"start":{"line":53,"column":0},"end":{"line":53,"column":4}},"53":{"start":{"line":54,"column":0},"end":{"line":54,"column":3}},"54":{"start":{"line":55,"column":0},"end":{"line":55,"column":15}},"55":{"start":{"line":56,"column":0},"end":{"line":56,"column":16}},"56":{"start":{"line":57,"column":0},"end":{"line":57,"column":18}},"57":{"start":{"line":58,"column":0},"end":{"line":58,"column":32}},"58":{"start":{"line":59,"column":0},"end":{"line":59,"column":34}},"59":{"start":{"line":60,"column":0},"end":{"line":60,"column":46}},"60":{"start":{"line":61,"column":0},"end":{"line":61,"column":48}},"61":{"start":{"line":62,"column":0},"end":{"line":62,"column":10}},"62":{"start":{"line":63,"column":0},"end":{"line":63,"column":16}},"63":{"start":{"line":64,"column":0},"end":{"line":64,"column":21}},"64":{"start":{"line":65,"column":0},"end":{"line":65,"column":23}},"65":{"start":{"line":66,"column":0},"end":{"line":66,"column":30}},"66":{"start":{"line":67,"column":0},"end":{"line":67,"column":41}},"67":{"start":{"line":68,"column":0},"end":{"line":68,"column":42}},"68":{"start":{"line":69,"column":0},"end":{"line":69,"column":10}},"69":{"start":{"line":70,"column":0},"end":{"line":70,"column":8}},"70":{"start":{"line":71,"column":0},"end":{"line":71,"column":13}},"71":{"start":{"line":72,"column":0},"end":{"line":72,"column":34}},"72":{"start":{"line":73,"column":0},"end":{"line":73,"column":32}},"73":{"start":{"line":74,"column":0},"end":{"line":74,"column":34}},"74":{"start":{"line":75,"column":0},"end":{"line":75,"column":8}},"75":{"start":{"line":76,"column":0},"end":{"line":76,"column":6}},"76":{"start":{"line":77,"column":0},"end":{"line":77,"column":22}},"77":{"start":{"line":78,"column":0},"end":{"line":78,"column":25}},"78":{"start":{"line":79,"column":0},"end":{"line":79,"column":17}},"79":{"start":{"line":80,"column":0},"end":{"line":80,"column":6}},"80":{"start":{"line":81,"column":0},"end":{"line":81,"column":3}},"81":{"start":{"line":82,"column":0},"end":{"line":82,"column":2}},"103":{"start":{"line":104,"column":0},"end":{"line":104,"column":58}},"104":{"start":{"line":105,"column":0},"end":{"line":105,"column":3}},"105":{"start":{"line":106,"column":0},"end":{"line":106,"column":5}},"106":{"start":{"line":107,"column":0},"end":{"line":107,"column":11}},"107":{"start":{"line":108,"column":0},"end":{"line":108,"column":17}},"108":{"start":{"line":109,"column":0},"end":{"line":109,"column":37}},"109":{"start":{"line":110,"column":0},"end":{"line":110,"column":15}},"110":{"start":{"line":111,"column":0},"end":{"line":111,"column":26}},"111":{"start":{"line":112,"column":0},"end":{"line":112,"column":18}},"112":{"start":{"line":113,"column":0},"end":{"line":113,"column":24}},"113":{"start":{"line":114,"column":0},"end":{"line":114,"column":25}},"114":{"start":{"line":115,"column":0},"end":{"line":115,"column":16}},"115":{"start":{"line":116,"column":0},"end":{"line":116,"column":14}},"116":{"start":{"line":117,"column":0},"end":{"line":117,"column":6}},"117":{"start":{"line":118,"column":0},"end":{"line":118,"column":7}},"118":{"start":{"line":119,"column":0},"end":{"line":119,"column":8}},"119":{"start":{"line":120,"column":0},"end":{"line":120,"column":63}},"120":{"start":{"line":121,"column":0},"end":{"line":121,"column":78}},"121":{"start":{"line":122,"column":0},"end":{"line":122,"column":6}},"123":{"start":{"line":124,"column":0},"end":{"line":124,"column":59}},"124":{"start":{"line":125,"column":0},"end":{"line":125,"column":77}},"126":{"start":{"line":127,"column":0},"end":{"line":127,"column":53}},"128":{"start":{"line":129,"column":0},"end":{"line":129,"column":48}},"129":{"start":{"line":130,"column":0},"end":{"line":130,"column":51}},"130":{"start":{"line":131,"column":0},"end":{"line":131,"column":32}},"132":{"start":{"line":133,"column":0},"end":{"line":133,"column":26}},"133":{"start":{"line":134,"column":0},"end":{"line":134,"column":36}},"134":{"start":{"line":135,"column":0},"end":{"line":135,"column":7}},"135":{"start":{"line":136,"column":0},"end":{"line":136,"column":24}},"136":{"start":{"line":137,"column":0},"end":{"line":137,"column":6}},"139":{"start":{"line":140,"column":0},"end":{"line":140,"column":21}},"140":{"start":{"line":141,"column":0},"end":{"line":141,"column":54}},"142":{"start":{"line":143,"column":0},"end":{"line":143,"column":65}},"143":{"start":{"line":144,"column":0},"end":{"line":144,"column":38}},"144":{"start":{"line":145,"column":0},"end":{"line":145,"column":23}},"146":{"start":{"line":147,"column":0},"end":{"line":147,"column":29}},"147":{"start":{"line":148,"column":0},"end":{"line":148,"column":41}},"148":{"start":{"line":149,"column":0},"end":{"line":149,"column":29}},"149":{"start":{"line":150,"column":0},"end":{"line":150,"column":27}},"150":{"start":{"line":151,"column":0},"end":{"line":151,"column":27}},"151":{"start":{"line":152,"column":0},"end":{"line":152,"column":11}},"152":{"start":{"line":153,"column":0},"end":{"line":153,"column":7}},"153":{"start":{"line":154,"column":0},"end":{"line":154,"column":32}},"155":{"start":{"line":156,"column":0},"end":{"line":156,"column":79}},"157":{"start":{"line":158,"column":0},"end":{"line":158,"column":12}},"158":{"start":{"line":159,"column":0},"end":{"line":159,"column":10}},"159":{"start":{"line":160,"column":0},"end":{"line":160,"column":17}},"160":{"start":{"line":161,"column":0},"end":{"line":161,"column":56}},"161":{"start":{"line":162,"column":0},"end":{"line":162,"column":18}},"164":{"start":{"line":165,"column":0},"end":{"line":165,"column":12}},"165":{"start":{"line":166,"column":0},"end":{"line":166,"column":27}},"166":{"start":{"line":167,"column":0},"end":{"line":167,"column":24}},"167":{"start":{"line":168,"column":0},"end":{"line":168,"column":40}},"168":{"start":{"line":169,"column":0},"end":{"line":169,"column":46}},"169":{"start":{"line":170,"column":0},"end":{"line":170,"column":12}},"170":{"start":{"line":171,"column":0},"end":{"line":171,"column":24}},"172":{"start":{"line":173,"column":0},"end":{"line":173,"column":30}},"173":{"start":{"line":174,"column":0},"end":{"line":174,"column":50}},"175":{"start":{"line":176,"column":0},"end":{"line":176,"column":20}},"176":{"start":{"line":177,"column":0},"end":{"line":177,"column":21}},"177":{"start":{"line":178,"column":0},"end":{"line":178,"column":28}},"178":{"start":{"line":179,"column":0},"end":{"line":179,"column":29}},"179":{"start":{"line":180,"column":0},"end":{"line":180,"column":26}},"180":{"start":{"line":181,"column":0},"end":{"line":181,"column":36}},"181":{"start":{"line":182,"column":0},"end":{"line":182,"column":61}},"182":{"start":{"line":183,"column":0},"end":{"line":183,"column":40}},"183":{"start":{"line":184,"column":0},"end":{"line":184,"column":44}},"184":{"start":{"line":185,"column":0},"end":{"line":185,"column":48}},"185":{"start":{"line":186,"column":0},"end":{"line":186,"column":30}},"186":{"start":{"line":187,"column":0},"end":{"line":187,"column":47}},"187":{"start":{"line":188,"column":0},"end":{"line":188,"column":33}},"188":{"start":{"line":189,"column":0},"end":{"line":189,"column":96}},"189":{"start":{"line":190,"column":0},"end":{"line":190,"column":29}},"190":{"start":{"line":191,"column":0},"end":{"line":191,"column":44}},"191":{"start":{"line":192,"column":0},"end":{"line":192,"column":52}},"192":{"start":{"line":193,"column":0},"end":{"line":193,"column":46}},"193":{"start":{"line":194,"column":0},"end":{"line":194,"column":18}},"194":{"start":{"line":195,"column":0},"end":{"line":195,"column":55}},"196":{"start":{"line":197,"column":0},"end":{"line":197,"column":79}},"198":{"start":{"line":199,"column":0},"end":{"line":199,"column":61}},"200":{"start":{"line":201,"column":0},"end":{"line":201,"column":31}},"201":{"start":{"line":202,"column":0},"end":{"line":202,"column":68}},"203":{"start":{"line":204,"column":0},"end":{"line":204,"column":23}},"205":{"start":{"line":206,"column":0},"end":{"line":206,"column":13}},"206":{"start":{"line":207,"column":0},"end":{"line":207,"column":14}},"209":{"start":{"line":210,"column":0},"end":{"line":210,"column":45}},"210":{"start":{"line":211,"column":0},"end":{"line":211,"column":14}},"211":{"start":{"line":212,"column":0},"end":{"line":212,"column":28}},"212":{"start":{"line":213,"column":0},"end":{"line":213,"column":27}},"213":{"start":{"line":214,"column":0},"end":{"line":214,"column":48}},"215":{"start":{"line":216,"column":0},"end":{"line":216,"column":30}},"216":{"start":{"line":217,"column":0},"end":{"line":217,"column":16}},"218":{"start":{"line":219,"column":0},"end":{"line":219,"column":12}},"220":{"start":{"line":221,"column":0},"end":{"line":221,"column":3}},"221":{"start":{"line":222,"column":0},"end":{"line":222,"column":2}},"223":{"start":{"line":224,"column":0},"end":{"line":224,"column":26}}},"s":{"0":0,"1":0,"9":0,"11":0,"13":0,"14":0,"15":0,"16":0,"17":0,"18":0,"19":0,"20":0,"21":0,"22":0,"23":0,"24":0,"25":0,"26":0,"27":0,"28":0,"29":0,"30":0,"31":0,"32":0,"33":0,"35":0,"36":0,"37":0,"38":0,"39":0,"40":0,"41":0,"42":0,"43":0,"44":0,"45":0,"46":0,"47":0,"48":0,"49":0,"50":0,"51":0,"52":0,"53":0,"54":0,"55":0,"56":0,"57":0,"58":0,"59":0,"60":0,"61":0,"62":0,"63":0,"64":0,"65":0,"66":0,"67":0,"68":0,"69":0,"70":0,"71":0,"72":0,"73":0,"74":0,"75":0,"76":0,"77":0,"78":0,"79":0,"80":0,"81":0,"103":0,"104":0,"105":0,"106":0,"107":0,"108":0,"109":0,"110":0,"111":0,"112":0,"113":0,"114":0,"115":0,"116":0,"117":0,"118":0,"119":0,"120":0,"121":0,"123":0,"124":0,"126":0,"128":0,"129":0,"130":0,"132":0,"133":0,"134":0,"135":0,"136":0,"139":0,"140":0,"142":0,"143":0,"144":0,"146":0,"147":0,"148":0,"149":0,"150":0,"151":0,"152":0,"153":0,"155":0,"157":0,"158":0,"159":0,"160":0,"161":0,"164":0,"165":0,"166":0,"167":0,"168":0,"169":0,"170":0,"172":0,"173":0,"175":0,"176":0,"177":0,"178":0,"179":0,"180":0,"181":0,"182":0,"183":0,"184":0,"185":0,"186":0,"187":0,"188":0,"189":0,"190":0,"191":0,"192":0,"193":0,"194":0,"196":0,"198":0,"200":0,"201":0,"203":0,"205":0,"206":0,"209":0,"210":0,"211":0,"212":0,"213":0,"215":0,"216":0,"218":0,"220":0,"221":0,"223":0},"branchMap":{"0":{"type":"branch","line":1,"loc":{"start":{"line":1,"column":5366},"end":{"line":224,"column":26}},"locations":[{"start":{"line":1,"column":5366},"end":{"line":224,"column":26}}]}},"b":{"0":[0]},"fnMap":{"0":{"name":"(empty-report)","decl":{"start":{"line":1,"column":5366},"end":{"line":224,"column":26}},"loc":{"start":{"line":1,"column":5366},"end":{"line":224,"column":26}},"line":1}},"f":{"0":0}}
,"/Users/feranmi/codebases/2025/yearnings/simple-ui/src/types/index.ts": {"path":"/Users/feranmi/codebases/2025/yearnings/simple-ui/src/types/index.ts","all":true,"statementMap":{"0":{"start":{"line":1,"column":0},"end":{"line":1,"column":40}}},"s":{"0":0},"branchMap":{"0":{"type":"branch","line":1,"loc":{"start":{"line":1,"column":1592},"end":{"line":50,"column":70}},"locations":[{"start":{"line":1,"column":1592},"end":{"line":50,"column":70}}]}},"b":{"0":[0]},"fnMap":{"0":{"name":"(empty-report)","decl":{"start":{"line":1,"column":1592},"end":{"line":50,"column":70}},"loc":{"start":{"line":1,"column":1592},"end":{"line":50,"column":70}},"line":1}},"f":{"0":0}}
,"/Users/feranmi/codebases/2025/yearnings/simple-ui/src/utils/index.tsx": {"path":"/Users/feranmi/codebases/2025/yearnings/simple-ui/src/utils/index.tsx","all":false,"statementMap":{"0":{"start":{"line":1,"column":0},"end":{"line":1,"column":45}},"1":{"start":{"line":2,"column":0},"end":{"line":2,"column":41}},"3":{"start":{"line":4,"column":0},"end":{"line":4,"column":71}}},"s":{"0":1,"1":1,"3":1},"branchMap":{"0":{"type":"branch","line":4,"loc":{"start":{"line":4,"column":18},"end":{"line":4,"column":71}},"locations":[{"start":{"line":4,"column":18},"end":{"line":4,"column":71}}]}},"b":{"0":[7]},"fnMap":{"0":{"name":"cn","decl":{"start":{"line":4,"column":18},"end":{"line":4,"column":71}},"loc":{"start":{"line":4,"column":18},"end":{"line":4,"column":71}},"line":4}},"f":{"0":7}}
}
